2024-08-05T16:10:46.815-03:00  INFO 20444 --- [mscartoes] [restartedMain] c.s.k.mscartoes.MscartoesApplication     : Starting MscartoesApplication using Java 21.0.2 with PID 20444 (C:\Users\mathe\OneDrive\Documentos\Projects\UDEMY\MENSAGERIA-KEYCLOAK-SPRINGCLOUD\mscartoes\target\classes started by mathe in C:\Users\mathe\OneDrive\Documentos\Projects\UDEMY\MENSAGERIA-KEYCLOAK-SPRINGCLOUD\mscartoes)
2024-08-05T16:10:46.825-03:00  INFO 20444 --- [mscartoes] [restartedMain] c.s.k.mscartoes.MscartoesApplication     : No active profile set, falling back to 1 default profile: "default"
2024-08-05T16:10:46.879-03:00  INFO 20444 --- [mscartoes] [restartedMain] .e.DevToolsPropertyDefaultsPostProcessor : Devtools property defaults active! Set 'spring.devtools.add-properties' to 'false' to disable
2024-08-05T16:10:46.880-03:00  INFO 20444 --- [mscartoes] [restartedMain] .e.DevToolsPropertyDefaultsPostProcessor : For additional web related logging consider setting the 'logging.level.web' property to 'DEBUG'
2024-08-05T16:10:48.064-03:00  INFO 20444 --- [mscartoes] [restartedMain] .s.d.r.c.RepositoryConfigurationDelegate : Bootstrapping Spring Data JPA repositories in DEFAULT mode.
2024-08-05T16:10:48.177-03:00  INFO 20444 --- [mscartoes] [restartedMain] .s.d.r.c.RepositoryConfigurationDelegate : Finished Spring Data repository scanning in 107 ms. Found 2 JPA repository interfaces.
2024-08-05T16:10:48.407-03:00  INFO 20444 --- [mscartoes] [restartedMain] o.s.cloud.context.scope.GenericScope     : BeanFactory id=e58044e5-be85-3c65-bcfc-a30ec2168c8c
2024-08-05T16:10:48.735-03:00  WARN 20444 --- [mscartoes] [restartedMain] trationDelegate$BeanPostProcessorChecker : Bean 'org.springframework.cloud.client.loadbalancer.LoadBalancerAutoConfiguration$DeferringLoadBalancerInterceptorConfig' of type [org.springframework.cloud.client.loadbalancer.LoadBalancerAutoConfiguration$DeferringLoadBalancerInterceptorConfig] is not eligible for getting processed by all BeanPostProcessors (for example: not eligible for auto-proxying). The currently created BeanPostProcessor [lbRestClientPostProcessor] is declared through a non-static factory method on that class; consider declaring it as static instead.
2024-08-05T16:10:48.739-03:00  WARN 20444 --- [mscartoes] [restartedMain] trationDelegate$BeanPostProcessorChecker : Bean 'deferringLoadBalancerInterceptor' of type [org.springframework.cloud.client.loadbalancer.DeferringLoadBalancerInterceptor] is not eligible for getting processed by all BeanPostProcessors (for example: not eligible for auto-proxying). Is this bean getting eagerly injected into a currently created BeanPostProcessor [lbRestClientPostProcessor]? Check the corresponding BeanPostProcessor declaration and its dependencies.
2024-08-05T16:10:49.192-03:00  INFO 20444 --- [mscartoes] [restartedMain] o.s.b.w.embedded.tomcat.TomcatWebServer  : Tomcat initialized with port 0 (http)
2024-08-05T16:10:49.204-03:00  INFO 20444 --- [mscartoes] [restartedMain] o.apache.catalina.core.StandardService   : Starting service [Tomcat]
2024-08-05T16:10:49.204-03:00  INFO 20444 --- [mscartoes] [restartedMain] o.apache.catalina.core.StandardEngine    : Starting Servlet engine: [Apache Tomcat/10.1.26]
2024-08-05T16:10:49.262-03:00  INFO 20444 --- [mscartoes] [restartedMain] o.a.c.c.C.[Tomcat].[localhost].[/]       : Initializing Spring embedded WebApplicationContext
2024-08-05T16:10:49.262-03:00  INFO 20444 --- [mscartoes] [restartedMain] w.s.c.ServletWebServerApplicationContext : Root WebApplicationContext: initialization completed in 2382 ms
2024-08-05T16:10:49.446-03:00  INFO 20444 --- [mscartoes] [restartedMain] com.zaxxer.hikari.HikariDataSource       : HikariPool-1 - Starting...
2024-08-05T16:10:49.661-03:00  INFO 20444 --- [mscartoes] [restartedMain] com.zaxxer.hikari.pool.HikariPool        : HikariPool-1 - Added connection conn0: url=jdbc:h2:mem:d553c96f-4d43-4d12-84d3-68b984c28a4c user=SA
2024-08-05T16:10:49.663-03:00  INFO 20444 --- [mscartoes] [restartedMain] com.zaxxer.hikari.HikariDataSource       : HikariPool-1 - Start completed.
2024-08-05T16:10:49.675-03:00  INFO 20444 --- [mscartoes] [restartedMain] o.s.b.a.h2.H2ConsoleAutoConfiguration    : H2 console available at '/h2-console'. Database available at 'jdbc:h2:mem:d553c96f-4d43-4d12-84d3-68b984c28a4c'
2024-08-05T16:10:49.988-03:00  INFO 20444 --- [mscartoes] [restartedMain] o.hibernate.jpa.internal.util.LogHelper  : HHH000204: Processing PersistenceUnitInfo [name: default]
2024-08-05T16:10:50.052-03:00  INFO 20444 --- [mscartoes] [restartedMain] org.hibernate.Version                    : HHH000412: Hibernate ORM core version 6.5.2.Final
2024-08-05T16:10:50.096-03:00  INFO 20444 --- [mscartoes] [restartedMain] o.h.c.internal.RegionFactoryInitiator    : HHH000026: Second-level cache disabled
2024-08-05T16:10:50.417-03:00  INFO 20444 --- [mscartoes] [restartedMain] o.s.o.j.p.SpringPersistenceUnitInfo      : No LoadTimeWeaver setup: ignoring JPA class transformer
2024-08-05T16:10:51.314-03:00  INFO 20444 --- [mscartoes] [restartedMain] o.h.e.t.j.p.i.JtaPlatformInitiator       : HHH000489: No JTA platform available (set 'hibernate.transaction.jta.platform' to enable JTA platform integration)
2024-08-05T16:10:51.363-03:00  INFO 20444 --- [mscartoes] [restartedMain] j.LocalContainerEntityManagerFactoryBean : Initialized JPA EntityManagerFactory for persistence unit 'default'
2024-08-05T16:10:51.914-03:00  WARN 20444 --- [mscartoes] [restartedMain] JpaBaseConfiguration$JpaWebConfiguration : spring.jpa.open-in-view is enabled by default. Therefore, database queries may be performed during view rendering. Explicitly configure spring.jpa.open-in-view to disable this warning
2024-08-05T16:10:53.329-03:00  WARN 20444 --- [mscartoes] [restartedMain] o.s.b.d.a.OptionalLiveReloadServer       : Unable to start LiveReload server
2024-08-05T16:10:53.372-03:00  INFO 20444 --- [mscartoes] [restartedMain] DiscoveryClientOptionalArgsConfiguration : Eureka HTTP Client uses RestTemplate.
2024-08-05T16:10:53.439-03:00  WARN 20444 --- [mscartoes] [restartedMain] iguration$LoadBalancerCaffeineWarnLogger : Spring Cloud LoadBalancer is currently working with the default cache. While this cache implementation is useful for development and tests, it's recommended to use Caffeine cache in production.You can switch to using Caffeine cache, by adding it and org.springframework.cache.caffeine.CaffeineCacheManager to the classpath.
2024-08-05T16:10:53.456-03:00  INFO 20444 --- [mscartoes] [restartedMain] o.s.b.a.e.web.EndpointLinksResolver      : Exposing 18 endpoints beneath base path '/actuator'
2024-08-05T16:10:53.599-03:00  INFO 20444 --- [mscartoes] [restartedMain] o.s.b.w.embedded.tomcat.TomcatWebServer  : Tomcat started on port 51056 (http) with context path '/'
2024-08-05T16:10:53.602-03:00  INFO 20444 --- [mscartoes] [restartedMain] .s.c.n.e.s.EurekaAutoServiceRegistration : Updating port to 51056
2024-08-05T16:10:53.606-03:00  INFO 20444 --- [mscartoes] [restartedMain] o.s.c.n.eureka.InstanceInfoFactory       : Setting initial instance status as: STARTING
2024-08-05T16:10:53.652-03:00  INFO 20444 --- [mscartoes] [restartedMain] com.netflix.discovery.DiscoveryClient    : Initializing Eureka in region us-east-1
2024-08-05T16:10:53.656-03:00  INFO 20444 --- [mscartoes] [restartedMain] c.n.d.s.r.aws.ConfigClusterResolver      : Resolving eureka endpoints via configuration
2024-08-05T16:10:53.667-03:00  INFO 20444 --- [mscartoes] [restartedMain] com.netflix.discovery.DiscoveryClient    : Disable delta property : false
2024-08-05T16:10:53.667-03:00  INFO 20444 --- [mscartoes] [restartedMain] com.netflix.discovery.DiscoveryClient    : Single vip registry refresh property : null
2024-08-05T16:10:53.667-03:00  INFO 20444 --- [mscartoes] [restartedMain] com.netflix.discovery.DiscoveryClient    : Force full registry fetch : false
2024-08-05T16:10:53.667-03:00  INFO 20444 --- [mscartoes] [restartedMain] com.netflix.discovery.DiscoveryClient    : Application is null : false
2024-08-05T16:10:53.667-03:00  INFO 20444 --- [mscartoes] [restartedMain] com.netflix.discovery.DiscoveryClient    : Registered Applications size is zero : true
2024-08-05T16:10:53.667-03:00  INFO 20444 --- [mscartoes] [restartedMain] com.netflix.discovery.DiscoveryClient    : Application version is -1: true
2024-08-05T16:10:53.667-03:00  INFO 20444 --- [mscartoes] [restartedMain] com.netflix.discovery.DiscoveryClient    : Getting all instance registry info from the eureka server
2024-08-05T16:10:54.104-03:00  INFO 20444 --- [mscartoes] [restartedMain] com.netflix.discovery.DiscoveryClient    : The response status is 200
2024-08-05T16:10:54.106-03:00  INFO 20444 --- [mscartoes] [restartedMain] com.netflix.discovery.DiscoveryClient    : Starting heartbeat executor: renew interval is: 30
2024-08-05T16:10:54.108-03:00  INFO 20444 --- [mscartoes] [restartedMain] c.n.discovery.InstanceInfoReplicator     : InstanceInfoReplicator onDemand update allowed rate per min is 4
2024-08-05T16:10:54.110-03:00  INFO 20444 --- [mscartoes] [restartedMain] com.netflix.discovery.DiscoveryClient    : Discovery Client initialized at timestamp 1722885054109 with initial instances count: 1
2024-08-05T16:10:54.118-03:00  INFO 20444 --- [mscartoes] [restartedMain] o.s.c.n.e.s.EurekaServiceRegistry        : Registering application MSCARTOES with eureka with status UP
2024-08-05T16:10:54.119-03:00  INFO 20444 --- [mscartoes] [restartedMain] com.netflix.discovery.DiscoveryClient    : Saw local status change event StatusChangeEvent [timestamp=1722885054119, current=UP, previous=STARTING]
2024-08-05T16:10:54.121-03:00  INFO 20444 --- [mscartoes] [DiscoveryClient-InstanceInfoReplicator-%d] com.netflix.discovery.DiscoveryClient    : DiscoveryClient_MSCARTOES/mscartoes:89633cce6707849663beded5632ad754: registering service...
2024-08-05T16:10:54.126-03:00  INFO 20444 --- [mscartoes] [restartedMain] o.s.a.r.c.CachingConnectionFactory       : Attempting to connect to: [10.0.0.109:5672]
2024-08-05T16:10:54.199-03:00  INFO 20444 --- [mscartoes] [restartedMain] o.s.a.r.c.CachingConnectionFactory       : Created new connection: rabbitConnectionFactory#79007740:0/SimpleConnection@6f716e3f [delegate=amqp://guest@10.0.0.109:5672/, localPort=51059]
2024-08-05T16:10:54.224-03:00  INFO 20444 --- [mscartoes] [DiscoveryClient-InstanceInfoReplicator-%d] com.netflix.discovery.DiscoveryClient    : DiscoveryClient_MSCARTOES/mscartoes:89633cce6707849663beded5632ad754 - registration status: 204
2024-08-05T16:10:54.264-03:00  INFO 20444 --- [mscartoes] [restartedMain] c.s.k.mscartoes.MscartoesApplication     : Started MscartoesApplication in 7.932 seconds (process running for 8.653)
2024-08-05T16:15:53.682-03:00  INFO 20444 --- [mscartoes] [AsyncResolver-bootstrap-executor-%d] c.n.d.s.r.aws.ConfigClusterResolver      : Resolving eureka endpoints via configuration
2024-08-05T16:17:46.547-03:00  INFO 20444 --- [mscartoes] [http-nio-auto-1-exec-1] o.a.c.c.C.[Tomcat].[localhost].[/]       : Initializing Spring DispatcherServlet 'dispatcherServlet'
2024-08-05T16:17:46.547-03:00  INFO 20444 --- [mscartoes] [http-nio-auto-1-exec-1] o.s.web.servlet.DispatcherServlet        : Initializing Servlet 'dispatcherServlet'
2024-08-05T16:17:46.550-03:00  INFO 20444 --- [mscartoes] [http-nio-auto-1-exec-1] o.s.web.servlet.DispatcherServlet        : Completed initialization in 3 ms
2024-08-05T16:20:53.688-03:00  INFO 20444 --- [mscartoes] [AsyncResolver-bootstrap-executor-%d] c.n.d.s.r.aws.ConfigClusterResolver      : Resolving eureka endpoints via configuration
2024-08-05T16:25:53.689-03:00  INFO 20444 --- [mscartoes] [AsyncResolver-bootstrap-executor-%d] c.n.d.s.r.aws.ConfigClusterResolver      : Resolving eureka endpoints via configuration
2024-08-05T16:30:53.705-03:00  INFO 20444 --- [mscartoes] [AsyncResolver-bootstrap-executor-%d] c.n.d.s.r.aws.ConfigClusterResolver      : Resolving eureka endpoints via configuration
2024-08-05T16:35:53.720-03:00  INFO 20444 --- [mscartoes] [AsyncResolver-bootstrap-executor-%d] c.n.d.s.r.aws.ConfigClusterResolver      : Resolving eureka endpoints via configuration
2024-08-05T16:40:53.727-03:00  INFO 20444 --- [mscartoes] [AsyncResolver-bootstrap-executor-%d] c.n.d.s.r.aws.ConfigClusterResolver      : Resolving eureka endpoints via configuration
2024-08-05T16:45:53.732-03:00  INFO 20444 --- [mscartoes] [AsyncResolver-bootstrap-executor-%d] c.n.d.s.r.aws.ConfigClusterResolver      : Resolving eureka endpoints via configuration
2024-08-05T16:50:53.746-03:00  INFO 20444 --- [mscartoes] [AsyncResolver-bootstrap-executor-%d] c.n.d.s.r.aws.ConfigClusterResolver      : Resolving eureka endpoints via configuration
2024-08-05T16:55:53.748-03:00  INFO 20444 --- [mscartoes] [AsyncResolver-bootstrap-executor-%d] c.n.d.s.r.aws.ConfigClusterResolver      : Resolving eureka endpoints via configuration
2024-08-05T17:00:53.750-03:00  INFO 20444 --- [mscartoes] [AsyncResolver-bootstrap-executor-%d] c.n.d.s.r.aws.ConfigClusterResolver      : Resolving eureka endpoints via configuration
2024-08-05T17:05:53.759-03:00  INFO 20444 --- [mscartoes] [AsyncResolver-bootstrap-executor-%d] c.n.d.s.r.aws.ConfigClusterResolver      : Resolving eureka endpoints via configuration
2024-08-05T17:10:53.770-03:00  INFO 20444 --- [mscartoes] [AsyncResolver-bootstrap-executor-%d] c.n.d.s.r.aws.ConfigClusterResolver      : Resolving eureka endpoints via configuration
2024-08-05T17:15:53.780-03:00  INFO 20444 --- [mscartoes] [AsyncResolver-bootstrap-executor-%d] c.n.d.s.r.aws.ConfigClusterResolver      : Resolving eureka endpoints via configuration
2024-08-05T17:20:53.791-03:00  INFO 20444 --- [mscartoes] [AsyncResolver-bootstrap-executor-%d] c.n.d.s.r.aws.ConfigClusterResolver      : Resolving eureka endpoints via configuration
2024-08-05T17:25:53.806-03:00  INFO 20444 --- [mscartoes] [AsyncResolver-bootstrap-executor-%d] c.n.d.s.r.aws.ConfigClusterResolver      : Resolving eureka endpoints via configuration
2024-08-05T17:30:53.810-03:00  INFO 20444 --- [mscartoes] [AsyncResolver-bootstrap-executor-%d] c.n.d.s.r.aws.ConfigClusterResolver      : Resolving eureka endpoints via configuration
2024-08-05T17:35:53.812-03:00  INFO 20444 --- [mscartoes] [AsyncResolver-bootstrap-executor-%d] c.n.d.s.r.aws.ConfigClusterResolver      : Resolving eureka endpoints via configuration
2024-08-05T17:40:53.826-03:00  INFO 20444 --- [mscartoes] [AsyncResolver-bootstrap-executor-%d] c.n.d.s.r.aws.ConfigClusterResolver      : Resolving eureka endpoints via configuration
2024-08-05T17:45:53.826-03:00  INFO 20444 --- [mscartoes] [AsyncResolver-bootstrap-executor-%d] c.n.d.s.r.aws.ConfigClusterResolver      : Resolving eureka endpoints via configuration
2024-08-05T17:50:53.828-03:00  INFO 20444 --- [mscartoes] [AsyncResolver-bootstrap-executor-%d] c.n.d.s.r.aws.ConfigClusterResolver      : Resolving eureka endpoints via configuration
2024-08-05T17:55:53.830-03:00  INFO 20444 --- [mscartoes] [AsyncResolver-bootstrap-executor-%d] c.n.d.s.r.aws.ConfigClusterResolver      : Resolving eureka endpoints via configuration
2024-08-05T18:00:53.845-03:00  INFO 20444 --- [mscartoes] [AsyncResolver-bootstrap-executor-%d] c.n.d.s.r.aws.ConfigClusterResolver      : Resolving eureka endpoints via configuration
2024-08-05T18:05:53.861-03:00  INFO 20444 --- [mscartoes] [AsyncResolver-bootstrap-executor-%d] c.n.d.s.r.aws.ConfigClusterResolver      : Resolving eureka endpoints via configuration
2024-08-05T18:10:53.876-03:00  INFO 20444 --- [mscartoes] [AsyncResolver-bootstrap-executor-%d] c.n.d.s.r.aws.ConfigClusterResolver      : Resolving eureka endpoints via configuration
2024-08-05T18:15:53.886-03:00  INFO 20444 --- [mscartoes] [AsyncResolver-bootstrap-executor-%d] c.n.d.s.r.aws.ConfigClusterResolver      : Resolving eureka endpoints via configuration
2024-08-05T18:20:53.887-03:00  INFO 20444 --- [mscartoes] [AsyncResolver-bootstrap-executor-%d] c.n.d.s.r.aws.ConfigClusterResolver      : Resolving eureka endpoints via configuration
2024-08-05T18:25:53.896-03:00  INFO 20444 --- [mscartoes] [AsyncResolver-bootstrap-executor-%d] c.n.d.s.r.aws.ConfigClusterResolver      : Resolving eureka endpoints via configuration
2024-08-05T18:30:53.901-03:00  INFO 20444 --- [mscartoes] [AsyncResolver-bootstrap-executor-%d] c.n.d.s.r.aws.ConfigClusterResolver      : Resolving eureka endpoints via configuration
2024-08-05T18:34:01.121-03:00  INFO 20444 --- [mscartoes] [SpringApplicationShutdownHook] o.s.c.n.e.s.EurekaServiceRegistry        : Unregistering application MSCARTOES with eureka with status DOWN
2024-08-05T18:34:01.121-03:00  INFO 20444 --- [mscartoes] [SpringApplicationShutdownHook] com.netflix.discovery.DiscoveryClient    : Saw local status change event StatusChangeEvent [timestamp=1722893641121, current=DOWN, previous=UP]
2024-08-05T18:34:01.121-03:00  INFO 20444 --- [mscartoes] [DiscoveryClient-InstanceInfoReplicator-%d] com.netflix.discovery.DiscoveryClient    : DiscoveryClient_MSCARTOES/mscartoes:89633cce6707849663beded5632ad754: registering service...
2024-08-05T18:34:01.135-03:00  INFO 20444 --- [mscartoes] [org.springframework.amqp.rabbit.RabbitListenerEndpointContainer#0-2] o.s.a.r.l.SimpleMessageListenerContainer : Waiting for workers to finish.
2024-08-05T18:34:01.196-03:00  INFO 20444 --- [mscartoes] [DiscoveryClient-InstanceInfoReplicator-%d] com.netflix.discovery.DiscoveryClient    : DiscoveryClient_MSCARTOES/mscartoes:89633cce6707849663beded5632ad754 - registration status: 204
2024-08-05T18:34:02.136-03:00  INFO 20444 --- [mscartoes] [org.springframework.amqp.rabbit.RabbitListenerEndpointContainer#0-2] o.s.a.r.l.SimpleMessageListenerContainer : Successfully waited for workers to finish.
2024-08-05T18:34:02.159-03:00  INFO 20444 --- [mscartoes] [SpringApplicationShutdownHook] j.LocalContainerEntityManagerFactoryBean : Closing JPA EntityManagerFactory for persistence unit 'default'
2024-08-05T18:34:02.176-03:00  WARN 20444 --- [mscartoes] [SpringApplicationShutdownHook] o.s.b.f.support.DisposableBeanAdapter    : Invocation of destroy method failed on bean with name 'inMemoryDatabaseShutdownExecutor': org.h2.jdbc.JdbcSQLNonTransientConnectionException: Database is already closed (to disable automatic closing at VM shutdown, add ";DB_CLOSE_ON_EXIT=FALSE" to the db URL) [90121-224]
2024-08-05T18:34:02.177-03:00  INFO 20444 --- [mscartoes] [SpringApplicationShutdownHook] com.zaxxer.hikari.HikariDataSource       : HikariPool-1 - Shutdown initiated...
2024-08-05T18:34:02.181-03:00  INFO 20444 --- [mscartoes] [SpringApplicationShutdownHook] com.zaxxer.hikari.HikariDataSource       : HikariPool-1 - Shutdown completed.
2024-08-05T18:34:02.183-03:00  INFO 20444 --- [mscartoes] [SpringApplicationShutdownHook] com.netflix.discovery.DiscoveryClient    : Shutting down DiscoveryClient ...
2024-08-05T18:34:05.196-03:00  INFO 20444 --- [mscartoes] [SpringApplicationShutdownHook] com.netflix.discovery.DiscoveryClient    : Unregistering ...
2024-08-05T18:34:05.270-03:00  INFO 20444 --- [mscartoes] [SpringApplicationShutdownHook] com.netflix.discovery.DiscoveryClient    : DiscoveryClient_MSCARTOES/mscartoes:89633cce6707849663beded5632ad754 - deregister  status: 200
2024-08-05T18:34:05.270-03:00  INFO 20444 --- [mscartoes] [SpringApplicationShutdownHook] com.netflix.discovery.DiscoveryClient    : Completed shut down of DiscoveryClient
2024-08-05T18:34:09.925-03:00  INFO 18680 --- [mscartoes] [restartedMain] c.s.k.mscartoes.MscartoesApplication     : Starting MscartoesApplication using Java 21.0.2 with PID 18680 (C:\Users\mathe\OneDrive\Documentos\Projects\UDEMY\MENSAGERIA-KEYCLOAK-SPRINGCLOUD\mscartoes\target\classes started by mathe in C:\Users\mathe\OneDrive\Documentos\Projects\UDEMY\MENSAGERIA-KEYCLOAK-SPRINGCLOUD\mscartoes)
2024-08-05T18:34:09.927-03:00  INFO 18680 --- [mscartoes] [restartedMain] c.s.k.mscartoes.MscartoesApplication     : No active profile set, falling back to 1 default profile: "default"
2024-08-05T18:34:09.985-03:00  INFO 18680 --- [mscartoes] [restartedMain] .e.DevToolsPropertyDefaultsPostProcessor : Devtools property defaults active! Set 'spring.devtools.add-properties' to 'false' to disable
2024-08-05T18:34:09.985-03:00  INFO 18680 --- [mscartoes] [restartedMain] .e.DevToolsPropertyDefaultsPostProcessor : For additional web related logging consider setting the 'logging.level.web' property to 'DEBUG'
2024-08-05T18:34:10.986-03:00  INFO 18680 --- [mscartoes] [restartedMain] .s.d.r.c.RepositoryConfigurationDelegate : Bootstrapping Spring Data JPA repositories in DEFAULT mode.
2024-08-05T18:34:11.095-03:00  INFO 18680 --- [mscartoes] [restartedMain] .s.d.r.c.RepositoryConfigurationDelegate : Finished Spring Data repository scanning in 102 ms. Found 2 JPA repository interfaces.
2024-08-05T18:34:11.331-03:00  INFO 18680 --- [mscartoes] [restartedMain] o.s.cloud.context.scope.GenericScope     : BeanFactory id=4d308684-419f-38f4-b02c-e17bbde0372b
2024-08-05T18:34:11.611-03:00  WARN 18680 --- [mscartoes] [restartedMain] trationDelegate$BeanPostProcessorChecker : Bean 'org.springframework.cloud.client.loadbalancer.LoadBalancerAutoConfiguration$DeferringLoadBalancerInterceptorConfig' of type [org.springframework.cloud.client.loadbalancer.LoadBalancerAutoConfiguration$DeferringLoadBalancerInterceptorConfig] is not eligible for getting processed by all BeanPostProcessors (for example: not eligible for auto-proxying). The currently created BeanPostProcessor [lbRestClientPostProcessor] is declared through a non-static factory method on that class; consider declaring it as static instead.
2024-08-05T18:34:11.614-03:00  WARN 18680 --- [mscartoes] [restartedMain] trationDelegate$BeanPostProcessorChecker : Bean 'deferringLoadBalancerInterceptor' of type [org.springframework.cloud.client.loadbalancer.DeferringLoadBalancerInterceptor] is not eligible for getting processed by all BeanPostProcessors (for example: not eligible for auto-proxying). Is this bean getting eagerly injected into a currently created BeanPostProcessor [lbRestClientPostProcessor]? Check the corresponding BeanPostProcessor declaration and its dependencies.
2024-08-05T18:34:12.005-03:00  INFO 18680 --- [mscartoes] [restartedMain] o.s.b.w.embedded.tomcat.TomcatWebServer  : Tomcat initialized with port 0 (http)
2024-08-05T18:34:12.016-03:00  INFO 18680 --- [mscartoes] [restartedMain] o.apache.catalina.core.StandardService   : Starting service [Tomcat]
2024-08-05T18:34:12.017-03:00  INFO 18680 --- [mscartoes] [restartedMain] o.apache.catalina.core.StandardEngine    : Starting Servlet engine: [Apache Tomcat/10.1.26]
2024-08-05T18:34:12.088-03:00  INFO 18680 --- [mscartoes] [restartedMain] o.a.c.c.C.[Tomcat].[localhost].[/]       : Initializing Spring embedded WebApplicationContext
2024-08-05T18:34:12.088-03:00  INFO 18680 --- [mscartoes] [restartedMain] w.s.c.ServletWebServerApplicationContext : Root WebApplicationContext: initialization completed in 2102 ms
2024-08-05T18:34:12.232-03:00  INFO 18680 --- [mscartoes] [restartedMain] com.zaxxer.hikari.HikariDataSource       : HikariPool-1 - Starting...
2024-08-05T18:34:12.391-03:00  INFO 18680 --- [mscartoes] [restartedMain] com.zaxxer.hikari.pool.HikariPool        : HikariPool-1 - Added connection conn0: url=jdbc:h2:mem:0118f0c9-e10b-480d-bcaa-faf2812f4a0b user=SA
2024-08-05T18:34:12.393-03:00  INFO 18680 --- [mscartoes] [restartedMain] com.zaxxer.hikari.HikariDataSource       : HikariPool-1 - Start completed.
2024-08-05T18:34:12.401-03:00  INFO 18680 --- [mscartoes] [restartedMain] o.s.b.a.h2.H2ConsoleAutoConfiguration    : H2 console available at '/h2-console'. Database available at 'jdbc:h2:mem:0118f0c9-e10b-480d-bcaa-faf2812f4a0b'
2024-08-05T18:34:12.647-03:00  INFO 18680 --- [mscartoes] [restartedMain] o.hibernate.jpa.internal.util.LogHelper  : HHH000204: Processing PersistenceUnitInfo [name: default]
2024-08-05T18:34:12.725-03:00  INFO 18680 --- [mscartoes] [restartedMain] org.hibernate.Version                    : HHH000412: Hibernate ORM core version 6.5.2.Final
2024-08-05T18:34:12.772-03:00  INFO 18680 --- [mscartoes] [restartedMain] o.h.c.internal.RegionFactoryInitiator    : HHH000026: Second-level cache disabled
2024-08-05T18:34:13.037-03:00  INFO 18680 --- [mscartoes] [restartedMain] o.s.o.j.p.SpringPersistenceUnitInfo      : No LoadTimeWeaver setup: ignoring JPA class transformer
2024-08-05T18:34:13.667-03:00  INFO 18680 --- [mscartoes] [restartedMain] o.h.e.t.j.p.i.JtaPlatformInitiator       : HHH000489: No JTA platform available (set 'hibernate.transaction.jta.platform' to enable JTA platform integration)
2024-08-05T18:34:13.704-03:00  INFO 18680 --- [mscartoes] [restartedMain] j.LocalContainerEntityManagerFactoryBean : Initialized JPA EntityManagerFactory for persistence unit 'default'
2024-08-05T18:34:14.178-03:00  WARN 18680 --- [mscartoes] [restartedMain] JpaBaseConfiguration$JpaWebConfiguration : spring.jpa.open-in-view is enabled by default. Therefore, database queries may be performed during view rendering. Explicitly configure spring.jpa.open-in-view to disable this warning
2024-08-05T18:34:15.302-03:00  WARN 18680 --- [mscartoes] [restartedMain] o.s.b.d.a.OptionalLiveReloadServer       : Unable to start LiveReload server
2024-08-05T18:34:15.327-03:00  INFO 18680 --- [mscartoes] [restartedMain] DiscoveryClientOptionalArgsConfiguration : Eureka HTTP Client uses RestTemplate.
2024-08-05T18:34:15.382-03:00  WARN 18680 --- [mscartoes] [restartedMain] iguration$LoadBalancerCaffeineWarnLogger : Spring Cloud LoadBalancer is currently working with the default cache. While this cache implementation is useful for development and tests, it's recommended to use Caffeine cache in production.You can switch to using Caffeine cache, by adding it and org.springframework.cache.caffeine.CaffeineCacheManager to the classpath.
2024-08-05T18:34:15.391-03:00  INFO 18680 --- [mscartoes] [restartedMain] o.s.b.a.e.web.EndpointLinksResolver      : Exposing 18 endpoints beneath base path '/actuator'
2024-08-05T18:34:15.499-03:00  INFO 18680 --- [mscartoes] [restartedMain] o.s.b.w.embedded.tomcat.TomcatWebServer  : Tomcat started on port 52225 (http) with context path '/'
2024-08-05T18:34:15.500-03:00  INFO 18680 --- [mscartoes] [restartedMain] .s.c.n.e.s.EurekaAutoServiceRegistration : Updating port to 52225
2024-08-05T18:34:15.505-03:00  INFO 18680 --- [mscartoes] [restartedMain] o.s.c.n.eureka.InstanceInfoFactory       : Setting initial instance status as: STARTING
2024-08-05T18:34:15.527-03:00  INFO 18680 --- [mscartoes] [restartedMain] com.netflix.discovery.DiscoveryClient    : Initializing Eureka in region us-east-1
2024-08-05T18:34:15.531-03:00  INFO 18680 --- [mscartoes] [restartedMain] c.n.d.s.r.aws.ConfigClusterResolver      : Resolving eureka endpoints via configuration
2024-08-05T18:34:15.555-03:00  INFO 18680 --- [mscartoes] [restartedMain] com.netflix.discovery.DiscoveryClient    : Disable delta property : false
2024-08-05T18:34:15.556-03:00  INFO 18680 --- [mscartoes] [restartedMain] com.netflix.discovery.DiscoveryClient    : Single vip registry refresh property : null
2024-08-05T18:34:15.556-03:00  INFO 18680 --- [mscartoes] [restartedMain] com.netflix.discovery.DiscoveryClient    : Force full registry fetch : false
2024-08-05T18:34:15.556-03:00  INFO 18680 --- [mscartoes] [restartedMain] com.netflix.discovery.DiscoveryClient    : Application is null : false
2024-08-05T18:34:15.556-03:00  INFO 18680 --- [mscartoes] [restartedMain] com.netflix.discovery.DiscoveryClient    : Registered Applications size is zero : true
2024-08-05T18:34:15.556-03:00  INFO 18680 --- [mscartoes] [restartedMain] com.netflix.discovery.DiscoveryClient    : Application version is -1: true
2024-08-05T18:34:15.556-03:00  INFO 18680 --- [mscartoes] [restartedMain] com.netflix.discovery.DiscoveryClient    : Getting all instance registry info from the eureka server
2024-08-05T18:34:15.918-03:00  INFO 18680 --- [mscartoes] [restartedMain] com.netflix.discovery.DiscoveryClient    : The response status is 200
2024-08-05T18:34:15.920-03:00  INFO 18680 --- [mscartoes] [restartedMain] com.netflix.discovery.DiscoveryClient    : Starting heartbeat executor: renew interval is: 30
2024-08-05T18:34:15.921-03:00  INFO 18680 --- [mscartoes] [restartedMain] c.n.discovery.InstanceInfoReplicator     : InstanceInfoReplicator onDemand update allowed rate per min is 4
2024-08-05T18:34:15.923-03:00  INFO 18680 --- [mscartoes] [restartedMain] com.netflix.discovery.DiscoveryClient    : Discovery Client initialized at timestamp 1722893655922 with initial instances count: 4
2024-08-05T18:34:15.929-03:00  INFO 18680 --- [mscartoes] [restartedMain] o.s.c.n.e.s.EurekaServiceRegistry        : Registering application MSCARTOES with eureka with status UP
2024-08-05T18:34:15.930-03:00  INFO 18680 --- [mscartoes] [restartedMain] com.netflix.discovery.DiscoveryClient    : Saw local status change event StatusChangeEvent [timestamp=1722893655930, current=UP, previous=STARTING]
2024-08-05T18:34:15.931-03:00  INFO 18680 --- [mscartoes] [DiscoveryClient-InstanceInfoReplicator-%d] com.netflix.discovery.DiscoveryClient    : DiscoveryClient_MSCARTOES/mscartoes:168fa509392247c4d9f48d125173cd41: registering service...
2024-08-05T18:34:15.936-03:00  INFO 18680 --- [mscartoes] [restartedMain] o.s.a.r.c.CachingConnectionFactory       : Attempting to connect to: [10.0.0.109:5672]
2024-08-05T18:34:15.991-03:00  INFO 18680 --- [mscartoes] [restartedMain] o.s.a.r.c.CachingConnectionFactory       : Created new connection: rabbitConnectionFactory#35702461:0/SimpleConnection@7c0db3f9 [delegate=amqp://guest@10.0.0.109:5672/, localPort=52227]
2024-08-05T18:34:16.028-03:00  INFO 18680 --- [mscartoes] [DiscoveryClient-InstanceInfoReplicator-%d] com.netflix.discovery.DiscoveryClient    : DiscoveryClient_MSCARTOES/mscartoes:168fa509392247c4d9f48d125173cd41 - registration status: 204
2024-08-05T18:34:16.051-03:00  INFO 18680 --- [mscartoes] [restartedMain] c.s.k.mscartoes.MscartoesApplication     : Started MscartoesApplication in 6.58 seconds (process running for 7.186)
2024-08-05T18:34:54.434-03:00  INFO 18680 --- [mscartoes] [http-nio-auto-1-exec-1] o.a.c.c.C.[Tomcat].[localhost].[/]       : Initializing Spring DispatcherServlet 'dispatcherServlet'
2024-08-05T18:34:54.434-03:00  INFO 18680 --- [mscartoes] [http-nio-auto-1-exec-1] o.s.web.servlet.DispatcherServlet        : Initializing Servlet 'dispatcherServlet'
2024-08-05T18:34:54.436-03:00  INFO 18680 --- [mscartoes] [http-nio-auto-1-exec-1] o.s.web.servlet.DispatcherServlet        : Completed initialization in 2 ms
2024-08-05T18:35:03.550-03:00  INFO 18680 --- [mscartoes] [http-nio-auto-1-exec-10] o.springdoc.api.AbstractOpenApiResource  : Init duration for springdoc-openapi is: 169 ms
2024-08-05T18:39:15.560-03:00  INFO 18680 --- [mscartoes] [AsyncResolver-bootstrap-executor-%d] c.n.d.s.r.aws.ConfigClusterResolver      : Resolving eureka endpoints via configuration
