2024-08-05T18:28:16.621-03:00  INFO 17172 --- [msclientes] [restartedMain] c.s.k.msclientes.MsclientesApplication   : Starting MsclientesApplication using Java 21.0.2 with PID 17172 (C:\Users\mathe\OneDrive\Documentos\Projects\UDEMY\MENSAGERIA-KEYCLOAK-SPRINGCLOUD\msclientes\target\classes started by mathe in C:\Users\mathe\OneDrive\Documentos\Projects\UDEMY\MENSAGERIA-KEYCLOAK-SPRINGCLOUD\msclientes)
2024-08-05T18:28:16.623-03:00  INFO 17172 --- [msclientes] [restartedMain] c.s.k.msclientes.MsclientesApplication   : No active profile set, falling back to 1 default profile: "default"
2024-08-05T18:28:16.673-03:00  INFO 17172 --- [msclientes] [restartedMain] .e.DevToolsPropertyDefaultsPostProcessor : Devtools property defaults active! Set 'spring.devtools.add-properties' to 'false' to disable
2024-08-05T18:28:16.673-03:00  INFO 17172 --- [msclientes] [restartedMain] .e.DevToolsPropertyDefaultsPostProcessor : For additional web related logging consider setting the 'logging.level.web' property to 'DEBUG'
2024-08-05T18:28:17.364-03:00  INFO 17172 --- [msclientes] [restartedMain] .s.d.r.c.RepositoryConfigurationDelegate : Bootstrapping Spring Data JPA repositories in DEFAULT mode.
2024-08-05T18:28:17.480-03:00  INFO 17172 --- [msclientes] [restartedMain] .s.d.r.c.RepositoryConfigurationDelegate : Finished Spring Data repository scanning in 110 ms. Found 1 JPA repository interface.
2024-08-05T18:28:17.687-03:00  INFO 17172 --- [msclientes] [restartedMain] o.s.cloud.context.scope.GenericScope     : BeanFactory id=edc56d6d-f7fb-30b2-9fcd-be4d4d502566
2024-08-05T18:28:17.795-03:00  WARN 17172 --- [msclientes] [restartedMain] trationDelegate$BeanPostProcessorChecker : Bean 'org.springframework.cloud.client.loadbalancer.LoadBalancerAutoConfiguration$DeferringLoadBalancerInterceptorConfig' of type [org.springframework.cloud.client.loadbalancer.LoadBalancerAutoConfiguration$DeferringLoadBalancerInterceptorConfig] is not eligible for getting processed by all BeanPostProcessors (for example: not eligible for auto-proxying). The currently created BeanPostProcessor [lbRestClientPostProcessor] is declared through a non-static factory method on that class; consider declaring it as static instead.
2024-08-05T18:28:17.796-03:00  WARN 17172 --- [msclientes] [restartedMain] trationDelegate$BeanPostProcessorChecker : Bean 'deferringLoadBalancerInterceptor' of type [org.springframework.cloud.client.loadbalancer.DeferringLoadBalancerInterceptor] is not eligible for getting processed by all BeanPostProcessors (for example: not eligible for auto-proxying). Is this bean getting eagerly injected into a currently created BeanPostProcessor [lbRestClientPostProcessor]? Check the corresponding BeanPostProcessor declaration and its dependencies.
2024-08-05T18:28:18.131-03:00  INFO 17172 --- [msclientes] [restartedMain] o.s.b.w.embedded.tomcat.TomcatWebServer  : Tomcat initialized with port 0 (http)
2024-08-05T18:28:18.142-03:00  INFO 17172 --- [msclientes] [restartedMain] o.apache.catalina.core.StandardService   : Starting service [Tomcat]
2024-08-05T18:28:18.143-03:00  INFO 17172 --- [msclientes] [restartedMain] o.apache.catalina.core.StandardEngine    : Starting Servlet engine: [Apache Tomcat/10.1.26]
2024-08-05T18:28:18.186-03:00  INFO 17172 --- [msclientes] [restartedMain] o.a.c.c.C.[Tomcat].[localhost].[/]       : Initializing Spring embedded WebApplicationContext
2024-08-05T18:28:18.187-03:00  INFO 17172 --- [msclientes] [restartedMain] w.s.c.ServletWebServerApplicationContext : Root WebApplicationContext: initialization completed in 1512 ms
2024-08-05T18:28:18.212-03:00  INFO 17172 --- [msclientes] [restartedMain] com.zaxxer.hikari.HikariDataSource       : HikariPool-1 - Starting...
2024-08-05T18:28:18.367-03:00  INFO 17172 --- [msclientes] [restartedMain] com.zaxxer.hikari.pool.HikariPool        : HikariPool-1 - Added connection conn0: url=jdbc:h2:mem:ef5080aa-74f7-4c5a-89c2-a855356b1280 user=SA
2024-08-05T18:28:18.369-03:00  INFO 17172 --- [msclientes] [restartedMain] com.zaxxer.hikari.HikariDataSource       : HikariPool-1 - Start completed.
2024-08-05T18:28:18.377-03:00  INFO 17172 --- [msclientes] [restartedMain] o.s.b.a.h2.H2ConsoleAutoConfiguration    : H2 console available at '/h2-console'. Database available at 'jdbc:h2:mem:ef5080aa-74f7-4c5a-89c2-a855356b1280'
2024-08-05T18:28:18.514-03:00  INFO 17172 --- [msclientes] [restartedMain] o.hibernate.jpa.internal.util.LogHelper  : HHH000204: Processing PersistenceUnitInfo [name: default]
2024-08-05T18:28:18.566-03:00  INFO 17172 --- [msclientes] [restartedMain] org.hibernate.Version                    : HHH000412: Hibernate ORM core version 6.5.2.Final
2024-08-05T18:28:18.601-03:00  INFO 17172 --- [msclientes] [restartedMain] o.h.c.internal.RegionFactoryInitiator    : HHH000026: Second-level cache disabled
2024-08-05T18:28:18.852-03:00  INFO 17172 --- [msclientes] [restartedMain] o.s.o.j.p.SpringPersistenceUnitInfo      : No LoadTimeWeaver setup: ignoring JPA class transformer
2024-08-05T18:28:19.423-03:00  INFO 17172 --- [msclientes] [restartedMain] o.h.e.t.j.p.i.JtaPlatformInitiator       : HHH000489: No JTA platform available (set 'hibernate.transaction.jta.platform' to enable JTA platform integration)
2024-08-05T18:28:19.454-03:00  INFO 17172 --- [msclientes] [restartedMain] j.LocalContainerEntityManagerFactoryBean : Initialized JPA EntityManagerFactory for persistence unit 'default'
2024-08-05T18:28:19.787-03:00  WARN 17172 --- [msclientes] [restartedMain] JpaBaseConfiguration$JpaWebConfiguration : spring.jpa.open-in-view is enabled by default. Therefore, database queries may be performed during view rendering. Explicitly configure spring.jpa.open-in-view to disable this warning
2024-08-05T18:28:20.172-03:00  INFO 17172 --- [msclientes] [restartedMain] o.s.b.d.a.OptionalLiveReloadServer       : LiveReload server is running on port 35729
2024-08-05T18:28:20.233-03:00  INFO 17172 --- [msclientes] [restartedMain] DiscoveryClientOptionalArgsConfiguration : Eureka HTTP Client uses RestTemplate.
2024-08-05T18:28:20.276-03:00  WARN 17172 --- [msclientes] [restartedMain] iguration$LoadBalancerCaffeineWarnLogger : Spring Cloud LoadBalancer is currently working with the default cache. While this cache implementation is useful for development and tests, it's recommended to use Caffeine cache in production.You can switch to using Caffeine cache, by adding it and org.springframework.cache.caffeine.CaffeineCacheManager to the classpath.
2024-08-05T18:28:20.307-03:00  INFO 17172 --- [msclientes] [restartedMain] o.s.b.w.embedded.tomcat.TomcatWebServer  : Tomcat started on port 52054 (http) with context path '/'
2024-08-05T18:28:20.309-03:00  INFO 17172 --- [msclientes] [restartedMain] .s.c.n.e.s.EurekaAutoServiceRegistration : Updating port to 52054
2024-08-05T18:28:20.314-03:00  INFO 17172 --- [msclientes] [restartedMain] o.s.c.n.eureka.InstanceInfoFactory       : Setting initial instance status as: STARTING
2024-08-05T18:28:20.335-03:00  INFO 17172 --- [msclientes] [restartedMain] com.netflix.discovery.DiscoveryClient    : Initializing Eureka in region us-east-1
2024-08-05T18:28:20.339-03:00  INFO 17172 --- [msclientes] [restartedMain] c.n.d.s.r.aws.ConfigClusterResolver      : Resolving eureka endpoints via configuration
2024-08-05T18:28:20.348-03:00  INFO 17172 --- [msclientes] [restartedMain] com.netflix.discovery.DiscoveryClient    : Disable delta property : false
2024-08-05T18:28:20.348-03:00  INFO 17172 --- [msclientes] [restartedMain] com.netflix.discovery.DiscoveryClient    : Single vip registry refresh property : null
2024-08-05T18:28:20.348-03:00  INFO 17172 --- [msclientes] [restartedMain] com.netflix.discovery.DiscoveryClient    : Force full registry fetch : false
2024-08-05T18:28:20.348-03:00  INFO 17172 --- [msclientes] [restartedMain] com.netflix.discovery.DiscoveryClient    : Application is null : false
2024-08-05T18:28:20.348-03:00  INFO 17172 --- [msclientes] [restartedMain] com.netflix.discovery.DiscoveryClient    : Registered Applications size is zero : true
2024-08-05T18:28:20.348-03:00  INFO 17172 --- [msclientes] [restartedMain] com.netflix.discovery.DiscoveryClient    : Application version is -1: true
2024-08-05T18:28:20.349-03:00  INFO 17172 --- [msclientes] [restartedMain] com.netflix.discovery.DiscoveryClient    : Getting all instance registry info from the eureka server
2024-08-05T18:28:20.730-03:00  INFO 17172 --- [msclientes] [restartedMain] com.netflix.discovery.DiscoveryClient    : The response status is 200
2024-08-05T18:28:20.732-03:00  INFO 17172 --- [msclientes] [restartedMain] com.netflix.discovery.DiscoveryClient    : Starting heartbeat executor: renew interval is: 30
2024-08-05T18:28:20.733-03:00  INFO 17172 --- [msclientes] [restartedMain] c.n.discovery.InstanceInfoReplicator     : InstanceInfoReplicator onDemand update allowed rate per min is 4
2024-08-05T18:28:20.735-03:00  INFO 17172 --- [msclientes] [restartedMain] com.netflix.discovery.DiscoveryClient    : Discovery Client initialized at timestamp 1722893300734 with initial instances count: 4
2024-08-05T18:28:20.738-03:00  INFO 17172 --- [msclientes] [restartedMain] o.s.c.n.e.s.EurekaServiceRegistry        : Registering application MSCLIENTES with eureka with status UP
2024-08-05T18:28:20.738-03:00  INFO 17172 --- [msclientes] [restartedMain] com.netflix.discovery.DiscoveryClient    : Saw local status change event StatusChangeEvent [timestamp=1722893300738, current=UP, previous=STARTING]
2024-08-05T18:28:20.739-03:00  INFO 17172 --- [msclientes] [DiscoveryClient-InstanceInfoReplicator-%d] com.netflix.discovery.DiscoveryClient    : DiscoveryClient_MSCLIENTES/msclientes:f4fa2d6aba6eac2658a03d17baa20fcd: registering service...
2024-08-05T18:28:20.748-03:00  INFO 17172 --- [msclientes] [restartedMain] c.s.k.msclientes.MsclientesApplication   : Started MsclientesApplication in 4.564 seconds (process running for 5.039)
2024-08-05T18:28:20.827-03:00  INFO 17172 --- [msclientes] [DiscoveryClient-InstanceInfoReplicator-%d] com.netflix.discovery.DiscoveryClient    : DiscoveryClient_MSCLIENTES/msclientes:f4fa2d6aba6eac2658a03d17baa20fcd - registration status: 204
2024-08-05T18:28:27.972-03:00  INFO 17172 --- [msclientes] [http-nio-auto-1-exec-1] o.a.c.c.C.[Tomcat].[localhost].[/]       : Initializing Spring DispatcherServlet 'dispatcherServlet'
2024-08-05T18:28:27.973-03:00  INFO 17172 --- [msclientes] [http-nio-auto-1-exec-1] o.s.web.servlet.DispatcherServlet        : Initializing Servlet 'dispatcherServlet'
2024-08-05T18:28:27.974-03:00  INFO 17172 --- [msclientes] [http-nio-auto-1-exec-1] o.s.web.servlet.DispatcherServlet        : Completed initialization in 1 ms
2024-08-05T18:31:57.802-03:00  INFO 17172 --- [msclientes] [SpringApplicationShutdownHook] o.s.c.n.e.s.EurekaServiceRegistry        : Unregistering application MSCLIENTES with eureka with status DOWN
2024-08-05T18:31:57.803-03:00  INFO 17172 --- [msclientes] [SpringApplicationShutdownHook] com.netflix.discovery.DiscoveryClient    : Saw local status change event StatusChangeEvent [timestamp=1722893517803, current=DOWN, previous=UP]
2024-08-05T18:31:57.803-03:00  INFO 17172 --- [msclientes] [DiscoveryClient-InstanceInfoReplicator-%d] com.netflix.discovery.DiscoveryClient    : DiscoveryClient_MSCLIENTES/msclientes:f4fa2d6aba6eac2658a03d17baa20fcd: registering service...
2024-08-05T18:31:57.811-03:00  INFO 17172 --- [msclientes] [SpringApplicationShutdownHook] j.LocalContainerEntityManagerFactoryBean : Closing JPA EntityManagerFactory for persistence unit 'default'
2024-08-05T18:31:57.816-03:00  WARN 17172 --- [msclientes] [SpringApplicationShutdownHook] o.s.b.f.support.DisposableBeanAdapter    : Invocation of destroy method failed on bean with name 'inMemoryDatabaseShutdownExecutor': org.h2.jdbc.JdbcSQLNonTransientConnectionException: Database is already closed (to disable automatic closing at VM shutdown, add ";DB_CLOSE_ON_EXIT=FALSE" to the db URL) [90121-224]
2024-08-05T18:31:57.816-03:00  INFO 17172 --- [msclientes] [SpringApplicationShutdownHook] com.zaxxer.hikari.HikariDataSource       : HikariPool-1 - Shutdown initiated...
2024-08-05T18:31:57.818-03:00  INFO 17172 --- [msclientes] [SpringApplicationShutdownHook] com.zaxxer.hikari.HikariDataSource       : HikariPool-1 - Shutdown completed.
2024-08-05T18:31:57.818-03:00  INFO 17172 --- [msclientes] [SpringApplicationShutdownHook] com.netflix.discovery.DiscoveryClient    : Shutting down DiscoveryClient ...
2024-08-05T18:31:57.876-03:00  INFO 17172 --- [msclientes] [DiscoveryClient-InstanceInfoReplicator-%d] com.netflix.discovery.DiscoveryClient    : DiscoveryClient_MSCLIENTES/msclientes:f4fa2d6aba6eac2658a03d17baa20fcd - registration status: 204
2024-08-05T18:31:57.876-03:00  INFO 17172 --- [msclientes] [SpringApplicationShutdownHook] com.netflix.discovery.DiscoveryClient    : Unregistering ...
2024-08-05T18:31:57.937-03:00  INFO 17172 --- [msclientes] [SpringApplicationShutdownHook] com.netflix.discovery.DiscoveryClient    : DiscoveryClient_MSCLIENTES/msclientes:f4fa2d6aba6eac2658a03d17baa20fcd - deregister  status: 200
2024-08-05T18:31:57.938-03:00  INFO 17172 --- [msclientes] [SpringApplicationShutdownHook] com.netflix.discovery.DiscoveryClient    : Completed shut down of DiscoveryClient
2024-08-05T18:32:02.361-03:00  INFO 1472 --- [msclientes] [restartedMain] c.s.k.msclientes.MsclientesApplication   : Starting MsclientesApplication using Java 21.0.2 with PID 1472 (C:\Users\mathe\OneDrive\Documentos\Projects\UDEMY\MENSAGERIA-KEYCLOAK-SPRINGCLOUD\msclientes\target\classes started by mathe in C:\Users\mathe\OneDrive\Documentos\Projects\UDEMY\MENSAGERIA-KEYCLOAK-SPRINGCLOUD\msclientes)
2024-08-05T18:32:02.363-03:00  INFO 1472 --- [msclientes] [restartedMain] c.s.k.msclientes.MsclientesApplication   : No active profile set, falling back to 1 default profile: "default"
2024-08-05T18:32:02.416-03:00  INFO 1472 --- [msclientes] [restartedMain] .e.DevToolsPropertyDefaultsPostProcessor : Devtools property defaults active! Set 'spring.devtools.add-properties' to 'false' to disable
2024-08-05T18:32:02.416-03:00  INFO 1472 --- [msclientes] [restartedMain] .e.DevToolsPropertyDefaultsPostProcessor : For additional web related logging consider setting the 'logging.level.web' property to 'DEBUG'
2024-08-05T18:32:03.130-03:00  INFO 1472 --- [msclientes] [restartedMain] .s.d.r.c.RepositoryConfigurationDelegate : Bootstrapping Spring Data JPA repositories in DEFAULT mode.
2024-08-05T18:32:03.232-03:00  INFO 1472 --- [msclientes] [restartedMain] .s.d.r.c.RepositoryConfigurationDelegate : Finished Spring Data repository scanning in 96 ms. Found 1 JPA repository interface.
2024-08-05T18:32:03.445-03:00  INFO 1472 --- [msclientes] [restartedMain] o.s.cloud.context.scope.GenericScope     : BeanFactory id=b6f69cee-4bc3-391c-80b6-269d931708d0
2024-08-05T18:32:03.557-03:00  WARN 1472 --- [msclientes] [restartedMain] trationDelegate$BeanPostProcessorChecker : Bean 'org.springframework.cloud.client.loadbalancer.LoadBalancerAutoConfiguration$DeferringLoadBalancerInterceptorConfig' of type [org.springframework.cloud.client.loadbalancer.LoadBalancerAutoConfiguration$DeferringLoadBalancerInterceptorConfig] is not eligible for getting processed by all BeanPostProcessors (for example: not eligible for auto-proxying). The currently created BeanPostProcessor [lbRestClientPostProcessor] is declared through a non-static factory method on that class; consider declaring it as static instead.
2024-08-05T18:32:03.559-03:00  WARN 1472 --- [msclientes] [restartedMain] trationDelegate$BeanPostProcessorChecker : Bean 'deferringLoadBalancerInterceptor' of type [org.springframework.cloud.client.loadbalancer.DeferringLoadBalancerInterceptor] is not eligible for getting processed by all BeanPostProcessors (for example: not eligible for auto-proxying). Is this bean getting eagerly injected into a currently created BeanPostProcessor [lbRestClientPostProcessor]? Check the corresponding BeanPostProcessor declaration and its dependencies.
2024-08-05T18:32:03.873-03:00  INFO 1472 --- [msclientes] [restartedMain] o.s.b.w.embedded.tomcat.TomcatWebServer  : Tomcat initialized with port 0 (http)
2024-08-05T18:32:03.883-03:00  INFO 1472 --- [msclientes] [restartedMain] o.apache.catalina.core.StandardService   : Starting service [Tomcat]
2024-08-05T18:32:03.883-03:00  INFO 1472 --- [msclientes] [restartedMain] o.apache.catalina.core.StandardEngine    : Starting Servlet engine: [Apache Tomcat/10.1.26]
2024-08-05T18:32:03.935-03:00  INFO 1472 --- [msclientes] [restartedMain] o.a.c.c.C.[Tomcat].[localhost].[/]       : Initializing Spring embedded WebApplicationContext
2024-08-05T18:32:03.935-03:00  INFO 1472 --- [msclientes] [restartedMain] w.s.c.ServletWebServerApplicationContext : Root WebApplicationContext: initialization completed in 1517 ms
2024-08-05T18:32:03.957-03:00  INFO 1472 --- [msclientes] [restartedMain] com.zaxxer.hikari.HikariDataSource       : HikariPool-1 - Starting...
2024-08-05T18:32:04.123-03:00  INFO 1472 --- [msclientes] [restartedMain] com.zaxxer.hikari.pool.HikariPool        : HikariPool-1 - Added connection conn0: url=jdbc:h2:mem:2e600e2b-4cd4-4605-a925-96532ee7bf33 user=SA
2024-08-05T18:32:04.125-03:00  INFO 1472 --- [msclientes] [restartedMain] com.zaxxer.hikari.HikariDataSource       : HikariPool-1 - Start completed.
2024-08-05T18:32:04.134-03:00  INFO 1472 --- [msclientes] [restartedMain] o.s.b.a.h2.H2ConsoleAutoConfiguration    : H2 console available at '/h2-console'. Database available at 'jdbc:h2:mem:2e600e2b-4cd4-4605-a925-96532ee7bf33'
2024-08-05T18:32:04.256-03:00  INFO 1472 --- [msclientes] [restartedMain] o.hibernate.jpa.internal.util.LogHelper  : HHH000204: Processing PersistenceUnitInfo [name: default]
2024-08-05T18:32:04.311-03:00  INFO 1472 --- [msclientes] [restartedMain] org.hibernate.Version                    : HHH000412: Hibernate ORM core version 6.5.2.Final
2024-08-05T18:32:04.341-03:00  INFO 1472 --- [msclientes] [restartedMain] o.h.c.internal.RegionFactoryInitiator    : HHH000026: Second-level cache disabled
2024-08-05T18:32:04.601-03:00  INFO 1472 --- [msclientes] [restartedMain] o.s.o.j.p.SpringPersistenceUnitInfo      : No LoadTimeWeaver setup: ignoring JPA class transformer
2024-08-05T18:32:05.186-03:00  INFO 1472 --- [msclientes] [restartedMain] o.h.e.t.j.p.i.JtaPlatformInitiator       : HHH000489: No JTA platform available (set 'hibernate.transaction.jta.platform' to enable JTA platform integration)
2024-08-05T18:32:05.209-03:00  INFO 1472 --- [msclientes] [restartedMain] j.LocalContainerEntityManagerFactoryBean : Initialized JPA EntityManagerFactory for persistence unit 'default'
2024-08-05T18:32:05.566-03:00  WARN 1472 --- [msclientes] [restartedMain] JpaBaseConfiguration$JpaWebConfiguration : spring.jpa.open-in-view is enabled by default. Therefore, database queries may be performed during view rendering. Explicitly configure spring.jpa.open-in-view to disable this warning
2024-08-05T18:32:05.962-03:00  INFO 1472 --- [msclientes] [restartedMain] o.s.b.d.a.OptionalLiveReloadServer       : LiveReload server is running on port 35729
2024-08-05T18:32:06.012-03:00  INFO 1472 --- [msclientes] [restartedMain] DiscoveryClientOptionalArgsConfiguration : Eureka HTTP Client uses RestTemplate.
2024-08-05T18:32:06.044-03:00  WARN 1472 --- [msclientes] [restartedMain] iguration$LoadBalancerCaffeineWarnLogger : Spring Cloud LoadBalancer is currently working with the default cache. While this cache implementation is useful for development and tests, it's recommended to use Caffeine cache in production.You can switch to using Caffeine cache, by adding it and org.springframework.cache.caffeine.CaffeineCacheManager to the classpath.
2024-08-05T18:32:06.073-03:00  INFO 1472 --- [msclientes] [restartedMain] o.s.b.w.embedded.tomcat.TomcatWebServer  : Tomcat started on port 52152 (http) with context path '/'
2024-08-05T18:32:06.075-03:00  INFO 1472 --- [msclientes] [restartedMain] .s.c.n.e.s.EurekaAutoServiceRegistration : Updating port to 52152
2024-08-05T18:32:06.079-03:00  INFO 1472 --- [msclientes] [restartedMain] o.s.c.n.eureka.InstanceInfoFactory       : Setting initial instance status as: STARTING
2024-08-05T18:32:06.098-03:00  INFO 1472 --- [msclientes] [restartedMain] com.netflix.discovery.DiscoveryClient    : Initializing Eureka in region us-east-1
2024-08-05T18:32:06.100-03:00  INFO 1472 --- [msclientes] [restartedMain] c.n.d.s.r.aws.ConfigClusterResolver      : Resolving eureka endpoints via configuration
2024-08-05T18:32:06.108-03:00  INFO 1472 --- [msclientes] [restartedMain] com.netflix.discovery.DiscoveryClient    : Disable delta property : false
2024-08-05T18:32:06.108-03:00  INFO 1472 --- [msclientes] [restartedMain] com.netflix.discovery.DiscoveryClient    : Single vip registry refresh property : null
2024-08-05T18:32:06.108-03:00  INFO 1472 --- [msclientes] [restartedMain] com.netflix.discovery.DiscoveryClient    : Force full registry fetch : false
2024-08-05T18:32:06.108-03:00  INFO 1472 --- [msclientes] [restartedMain] com.netflix.discovery.DiscoveryClient    : Application is null : false
2024-08-05T18:32:06.108-03:00  INFO 1472 --- [msclientes] [restartedMain] com.netflix.discovery.DiscoveryClient    : Registered Applications size is zero : true
2024-08-05T18:32:06.108-03:00  INFO 1472 --- [msclientes] [restartedMain] com.netflix.discovery.DiscoveryClient    : Application version is -1: true
2024-08-05T18:32:06.108-03:00  INFO 1472 --- [msclientes] [restartedMain] com.netflix.discovery.DiscoveryClient    : Getting all instance registry info from the eureka server
2024-08-05T18:32:06.443-03:00  INFO 1472 --- [msclientes] [restartedMain] com.netflix.discovery.DiscoveryClient    : The response status is 200
2024-08-05T18:32:06.444-03:00  INFO 1472 --- [msclientes] [restartedMain] com.netflix.discovery.DiscoveryClient    : Starting heartbeat executor: renew interval is: 30
2024-08-05T18:32:06.446-03:00  INFO 1472 --- [msclientes] [restartedMain] c.n.discovery.InstanceInfoReplicator     : InstanceInfoReplicator onDemand update allowed rate per min is 4
2024-08-05T18:32:06.447-03:00  INFO 1472 --- [msclientes] [restartedMain] com.netflix.discovery.DiscoveryClient    : Discovery Client initialized at timestamp 1722893526446 with initial instances count: 3
2024-08-05T18:32:06.450-03:00  INFO 1472 --- [msclientes] [restartedMain] o.s.c.n.e.s.EurekaServiceRegistry        : Registering application MSCLIENTES with eureka with status UP
2024-08-05T18:32:06.450-03:00  INFO 1472 --- [msclientes] [restartedMain] com.netflix.discovery.DiscoveryClient    : Saw local status change event StatusChangeEvent [timestamp=1722893526450, current=UP, previous=STARTING]
2024-08-05T18:32:06.452-03:00  INFO 1472 --- [msclientes] [DiscoveryClient-InstanceInfoReplicator-%d] com.netflix.discovery.DiscoveryClient    : DiscoveryClient_MSCLIENTES/msclientes:bbf8a9b4dc68d21099a9a4307e1c17d3: registering service...
2024-08-05T18:32:06.460-03:00  INFO 1472 --- [msclientes] [restartedMain] c.s.k.msclientes.MsclientesApplication   : Started MsclientesApplication in 4.503 seconds (process running for 5.064)
2024-08-05T18:32:06.538-03:00  INFO 1472 --- [msclientes] [DiscoveryClient-InstanceInfoReplicator-%d] com.netflix.discovery.DiscoveryClient    : DiscoveryClient_MSCLIENTES/msclientes:bbf8a9b4dc68d21099a9a4307e1c17d3 - registration status: 204
2024-08-05T18:32:46.774-03:00  INFO 1472 --- [msclientes] [http-nio-auto-1-exec-1] o.a.c.c.C.[Tomcat].[localhost].[/]       : Initializing Spring DispatcherServlet 'dispatcherServlet'
2024-08-05T18:32:46.774-03:00  INFO 1472 --- [msclientes] [http-nio-auto-1-exec-1] o.s.web.servlet.DispatcherServlet        : Initializing Servlet 'dispatcherServlet'
2024-08-05T18:32:46.775-03:00  INFO 1472 --- [msclientes] [http-nio-auto-1-exec-1] o.s.web.servlet.DispatcherServlet        : Completed initialization in 1 ms
2024-08-05T18:32:56.031-03:00  INFO 1472 --- [msclientes] [http-nio-auto-1-exec-1] o.springdoc.api.AbstractOpenApiResource  : Init duration for springdoc-openapi is: 119 ms
2024-08-05T18:37:06.116-03:00  INFO 1472 --- [msclientes] [AsyncResolver-bootstrap-executor-%d] c.n.d.s.r.aws.ConfigClusterResolver      : Resolving eureka endpoints via configuration
