2024-08-05T18:34:40.090-03:00  INFO 21624 --- [msavaliadorcredito] [restartedMain] c.s.k.m.MsavaliadorcreditoApplication    : Starting MsavaliadorcreditoApplication using Java 21.0.2 with PID 21624 (C:\Users\mathe\OneDrive\Documentos\Projects\UDEMY\MENSAGERIA-KEYCLOAK-SPRINGCLOUD\msavaliadorcredito\target\classes started by mathe in C:\Users\mathe\OneDrive\Documentos\Projects\UDEMY\MENSAGERIA-KEYCLOAK-SPRINGCLOUD\msavaliadorcredito)
2024-08-05T18:34:40.092-03:00  INFO 21624 --- [msavaliadorcredito] [restartedMain] c.s.k.m.MsavaliadorcreditoApplication    : No active profile set, falling back to 1 default profile: "default"
2024-08-05T18:34:40.146-03:00  INFO 21624 --- [msavaliadorcredito] [restartedMain] .e.DevToolsPropertyDefaultsPostProcessor : Devtools property defaults active! Set 'spring.devtools.add-properties' to 'false' to disable
2024-08-05T18:34:40.147-03:00  INFO 21624 --- [msavaliadorcredito] [restartedMain] .e.DevToolsPropertyDefaultsPostProcessor : For additional web related logging consider setting the 'logging.level.web' property to 'DEBUG'
2024-08-05T18:34:41.111-03:00  INFO 21624 --- [msavaliadorcredito] [restartedMain] o.s.cloud.context.scope.GenericScope     : BeanFactory id=90de608b-c0ce-364e-91db-b77c27d940b9
2024-08-05T18:34:41.161-03:00  WARN 21624 --- [msavaliadorcredito] [restartedMain] trationDelegate$BeanPostProcessorChecker : Bean 'org.springframework.cloud.client.loadbalancer.LoadBalancerAutoConfiguration$DeferringLoadBalancerInterceptorConfig' of type [org.springframework.cloud.client.loadbalancer.LoadBalancerAutoConfiguration$DeferringLoadBalancerInterceptorConfig] is not eligible for getting processed by all BeanPostProcessors (for example: not eligible for auto-proxying). The currently created BeanPostProcessor [lbRestClientPostProcessor] is declared through a non-static factory method on that class; consider declaring it as static instead.
2024-08-05T18:34:41.164-03:00  WARN 21624 --- [msavaliadorcredito] [restartedMain] trationDelegate$BeanPostProcessorChecker : Bean 'deferringLoadBalancerInterceptor' of type [org.springframework.cloud.client.loadbalancer.DeferringLoadBalancerInterceptor] is not eligible for getting processed by all BeanPostProcessors (for example: not eligible for auto-proxying). Is this bean getting eagerly injected into a currently created BeanPostProcessor [lbRestClientPostProcessor]? Check the corresponding BeanPostProcessor declaration and its dependencies.
2024-08-05T18:34:41.499-03:00  INFO 21624 --- [msavaliadorcredito] [restartedMain] o.s.b.w.embedded.tomcat.TomcatWebServer  : Tomcat initialized with port 0 (http)
2024-08-05T18:34:41.510-03:00  INFO 21624 --- [msavaliadorcredito] [restartedMain] o.apache.catalina.core.StandardService   : Starting service [Tomcat]
2024-08-05T18:34:41.510-03:00  INFO 21624 --- [msavaliadorcredito] [restartedMain] o.apache.catalina.core.StandardEngine    : Starting Servlet engine: [Apache Tomcat/10.1.26]
2024-08-05T18:34:41.558-03:00  INFO 21624 --- [msavaliadorcredito] [restartedMain] o.a.c.c.C.[Tomcat].[localhost].[/]       : Initializing Spring embedded WebApplicationContext
2024-08-05T18:34:41.558-03:00  INFO 21624 --- [msavaliadorcredito] [restartedMain] w.s.c.ServletWebServerApplicationContext : Root WebApplicationContext: initialization completed in 1411 ms
2024-08-05T18:34:41.786-03:00  WARN 21624 --- [msavaliadorcredito] [restartedMain] o.s.b.d.a.OptionalLiveReloadServer       : Unable to start LiveReload server
2024-08-05T18:34:41.849-03:00  INFO 21624 --- [msavaliadorcredito] [restartedMain] o.s.c.openfeign.FeignClientFactoryBean   : For 'msclientes' URL not provided. Will try picking an instance via load-balancing.
2024-08-05T18:34:41.911-03:00  INFO 21624 --- [msavaliadorcredito] [restartedMain] o.s.c.openfeign.FeignClientFactoryBean   : For 'mscartoes' URL not provided. Will try picking an instance via load-balancing.
2024-08-05T18:34:42.549-03:00  INFO 21624 --- [msavaliadorcredito] [restartedMain] DiscoveryClientOptionalArgsConfiguration : Eureka HTTP Client uses RestTemplate.
2024-08-05T18:34:42.577-03:00  WARN 21624 --- [msavaliadorcredito] [restartedMain] iguration$LoadBalancerCaffeineWarnLogger : Spring Cloud LoadBalancer is currently working with the default cache. While this cache implementation is useful for development and tests, it's recommended to use Caffeine cache in production.You can switch to using Caffeine cache, by adding it and org.springframework.cache.caffeine.CaffeineCacheManager to the classpath.
2024-08-05T18:34:42.622-03:00  INFO 21624 --- [msavaliadorcredito] [restartedMain] o.s.b.w.embedded.tomcat.TomcatWebServer  : Tomcat started on port 52236 (http) with context path '/'
2024-08-05T18:34:42.623-03:00  INFO 21624 --- [msavaliadorcredito] [restartedMain] .s.c.n.e.s.EurekaAutoServiceRegistration : Updating port to 52236
2024-08-05T18:34:42.628-03:00  INFO 21624 --- [msavaliadorcredito] [restartedMain] o.s.c.n.eureka.InstanceInfoFactory       : Setting initial instance status as: STARTING
2024-08-05T18:34:42.651-03:00  INFO 21624 --- [msavaliadorcredito] [restartedMain] com.netflix.discovery.DiscoveryClient    : Initializing Eureka in region us-east-1
2024-08-05T18:34:42.656-03:00  INFO 21624 --- [msavaliadorcredito] [restartedMain] c.n.d.s.r.aws.ConfigClusterResolver      : Resolving eureka endpoints via configuration
2024-08-05T18:34:42.665-03:00  INFO 21624 --- [msavaliadorcredito] [restartedMain] com.netflix.discovery.DiscoveryClient    : Disable delta property : false
2024-08-05T18:34:42.665-03:00  INFO 21624 --- [msavaliadorcredito] [restartedMain] com.netflix.discovery.DiscoveryClient    : Single vip registry refresh property : null
2024-08-05T18:34:42.665-03:00  INFO 21624 --- [msavaliadorcredito] [restartedMain] com.netflix.discovery.DiscoveryClient    : Force full registry fetch : false
2024-08-05T18:34:42.665-03:00  INFO 21624 --- [msavaliadorcredito] [restartedMain] com.netflix.discovery.DiscoveryClient    : Application is null : false
2024-08-05T18:34:42.665-03:00  INFO 21624 --- [msavaliadorcredito] [restartedMain] com.netflix.discovery.DiscoveryClient    : Registered Applications size is zero : true
2024-08-05T18:34:42.666-03:00  INFO 21624 --- [msavaliadorcredito] [restartedMain] com.netflix.discovery.DiscoveryClient    : Application version is -1: true
2024-08-05T18:34:42.666-03:00  INFO 21624 --- [msavaliadorcredito] [restartedMain] com.netflix.discovery.DiscoveryClient    : Getting all instance registry info from the eureka server
2024-08-05T18:34:42.987-03:00  INFO 21624 --- [msavaliadorcredito] [restartedMain] com.netflix.discovery.DiscoveryClient    : The response status is 200
2024-08-05T18:34:42.988-03:00  INFO 21624 --- [msavaliadorcredito] [restartedMain] com.netflix.discovery.DiscoveryClient    : Starting heartbeat executor: renew interval is: 30
2024-08-05T18:34:42.990-03:00  INFO 21624 --- [msavaliadorcredito] [restartedMain] c.n.discovery.InstanceInfoReplicator     : InstanceInfoReplicator onDemand update allowed rate per min is 4
2024-08-05T18:34:42.991-03:00  INFO 21624 --- [msavaliadorcredito] [restartedMain] com.netflix.discovery.DiscoveryClient    : Discovery Client initialized at timestamp 1722893682990 with initial instances count: 4
2024-08-05T18:34:42.993-03:00  INFO 21624 --- [msavaliadorcredito] [restartedMain] o.s.c.n.e.s.EurekaServiceRegistry        : Registering application MSAVALIADORCREDITO with eureka with status UP
2024-08-05T18:34:42.994-03:00  INFO 21624 --- [msavaliadorcredito] [restartedMain] com.netflix.discovery.DiscoveryClient    : Saw local status change event StatusChangeEvent [timestamp=1722893682994, current=UP, previous=STARTING]
2024-08-05T18:34:42.996-03:00  INFO 21624 --- [msavaliadorcredito] [DiscoveryClient-InstanceInfoReplicator-%d] com.netflix.discovery.DiscoveryClient    : DiscoveryClient_MSAVALIADORCREDITO/msavaliadorcredito:5d6a2325976349fd088968a02c2bc993: registering service...
2024-08-05T18:34:43.006-03:00  INFO 21624 --- [msavaliadorcredito] [restartedMain] c.s.k.m.MsavaliadorcreditoApplication    : Started MsavaliadorcreditoApplication in 3.32 seconds (process running for 3.885)
2024-08-05T18:34:43.086-03:00  INFO 21624 --- [msavaliadorcredito] [DiscoveryClient-InstanceInfoReplicator-%d] com.netflix.discovery.DiscoveryClient    : DiscoveryClient_MSAVALIADORCREDITO/msavaliadorcredito:5d6a2325976349fd088968a02c2bc993 - registration status: 204
2024-08-05T18:35:05.685-03:00  INFO 21624 --- [msavaliadorcredito] [http-nio-auto-1-exec-1] o.a.c.c.C.[Tomcat].[localhost].[/]       : Initializing Spring DispatcherServlet 'dispatcherServlet'
2024-08-05T18:35:05.685-03:00  INFO 21624 --- [msavaliadorcredito] [http-nio-auto-1-exec-1] o.s.web.servlet.DispatcherServlet        : Initializing Servlet 'dispatcherServlet'
2024-08-05T18:35:05.686-03:00  INFO 21624 --- [msavaliadorcredito] [http-nio-auto-1-exec-1] o.s.web.servlet.DispatcherServlet        : Completed initialization in 1 ms
2024-08-05T18:35:11.659-03:00  INFO 21624 --- [msavaliadorcredito] [SpringApplicationShutdownHook] o.s.c.n.e.s.EurekaServiceRegistry        : Unregistering application MSAVALIADORCREDITO with eureka with status DOWN
2024-08-05T18:35:11.659-03:00  INFO 21624 --- [msavaliadorcredito] [SpringApplicationShutdownHook] com.netflix.discovery.DiscoveryClient    : Saw local status change event StatusChangeEvent [timestamp=1722893711659, current=DOWN, previous=UP]
2024-08-05T18:35:11.659-03:00  INFO 21624 --- [msavaliadorcredito] [DiscoveryClient-InstanceInfoReplicator-%d] com.netflix.discovery.DiscoveryClient    : DiscoveryClient_MSAVALIADORCREDITO/msavaliadorcredito:5d6a2325976349fd088968a02c2bc993: registering service...
2024-08-05T18:35:11.671-03:00  INFO 21624 --- [msavaliadorcredito] [SpringApplicationShutdownHook] com.netflix.discovery.DiscoveryClient    : Shutting down DiscoveryClient ...
2024-08-05T18:35:11.732-03:00  INFO 21624 --- [msavaliadorcredito] [DiscoveryClient-InstanceInfoReplicator-%d] com.netflix.discovery.DiscoveryClient    : DiscoveryClient_MSAVALIADORCREDITO/msavaliadorcredito:5d6a2325976349fd088968a02c2bc993 - registration status: 204
2024-08-05T18:35:11.732-03:00  INFO 21624 --- [msavaliadorcredito] [SpringApplicationShutdownHook] com.netflix.discovery.DiscoveryClient    : Unregistering ...
2024-08-05T18:35:11.792-03:00  INFO 21624 --- [msavaliadorcredito] [SpringApplicationShutdownHook] com.netflix.discovery.DiscoveryClient    : DiscoveryClient_MSAVALIADORCREDITO/msavaliadorcredito:5d6a2325976349fd088968a02c2bc993 - deregister  status: 200
2024-08-05T18:35:11.793-03:00  INFO 21624 --- [msavaliadorcredito] [SpringApplicationShutdownHook] com.netflix.discovery.DiscoveryClient    : Completed shut down of DiscoveryClient
2024-08-05T18:35:13.638-03:00  INFO 22508 --- [msavaliadorcredito] [restartedMain] c.s.k.m.MsavaliadorcreditoApplication    : Starting MsavaliadorcreditoApplication using Java 21.0.2 with PID 22508 (C:\Users\mathe\OneDrive\Documentos\Projects\UDEMY\MENSAGERIA-KEYCLOAK-SPRINGCLOUD\msavaliadorcredito\target\classes started by mathe in C:\Users\mathe\OneDrive\Documentos\Projects\UDEMY\MENSAGERIA-KEYCLOAK-SPRINGCLOUD\msavaliadorcredito)
2024-08-05T18:35:13.640-03:00  INFO 22508 --- [msavaliadorcredito] [restartedMain] c.s.k.m.MsavaliadorcreditoApplication    : No active profile set, falling back to 1 default profile: "default"
2024-08-05T18:35:13.701-03:00  INFO 22508 --- [msavaliadorcredito] [restartedMain] .e.DevToolsPropertyDefaultsPostProcessor : Devtools property defaults active! Set 'spring.devtools.add-properties' to 'false' to disable
2024-08-05T18:35:13.701-03:00  INFO 22508 --- [msavaliadorcredito] [restartedMain] .e.DevToolsPropertyDefaultsPostProcessor : For additional web related logging consider setting the 'logging.level.web' property to 'DEBUG'
2024-08-05T18:35:14.562-03:00  INFO 22508 --- [msavaliadorcredito] [restartedMain] o.s.cloud.context.scope.GenericScope     : BeanFactory id=90de608b-c0ce-364e-91db-b77c27d940b9
2024-08-05T18:35:14.607-03:00  WARN 22508 --- [msavaliadorcredito] [restartedMain] trationDelegate$BeanPostProcessorChecker : Bean 'org.springframework.cloud.client.loadbalancer.LoadBalancerAutoConfiguration$DeferringLoadBalancerInterceptorConfig' of type [org.springframework.cloud.client.loadbalancer.LoadBalancerAutoConfiguration$DeferringLoadBalancerInterceptorConfig] is not eligible for getting processed by all BeanPostProcessors (for example: not eligible for auto-proxying). The currently created BeanPostProcessor [lbRestClientPostProcessor] is declared through a non-static factory method on that class; consider declaring it as static instead.
2024-08-05T18:35:14.610-03:00  WARN 22508 --- [msavaliadorcredito] [restartedMain] trationDelegate$BeanPostProcessorChecker : Bean 'deferringLoadBalancerInterceptor' of type [org.springframework.cloud.client.loadbalancer.DeferringLoadBalancerInterceptor] is not eligible for getting processed by all BeanPostProcessors (for example: not eligible for auto-proxying). Is this bean getting eagerly injected into a currently created BeanPostProcessor [lbRestClientPostProcessor]? Check the corresponding BeanPostProcessor declaration and its dependencies.
2024-08-05T18:35:14.913-03:00  INFO 22508 --- [msavaliadorcredito] [restartedMain] o.s.b.w.embedded.tomcat.TomcatWebServer  : Tomcat initialized with port 0 (http)
2024-08-05T18:35:14.924-03:00  INFO 22508 --- [msavaliadorcredito] [restartedMain] o.apache.catalina.core.StandardService   : Starting service [Tomcat]
2024-08-05T18:35:14.924-03:00  INFO 22508 --- [msavaliadorcredito] [restartedMain] o.apache.catalina.core.StandardEngine    : Starting Servlet engine: [Apache Tomcat/10.1.26]
2024-08-05T18:35:14.968-03:00  INFO 22508 --- [msavaliadorcredito] [restartedMain] o.a.c.c.C.[Tomcat].[localhost].[/]       : Initializing Spring embedded WebApplicationContext
2024-08-05T18:35:14.969-03:00  INFO 22508 --- [msavaliadorcredito] [restartedMain] w.s.c.ServletWebServerApplicationContext : Root WebApplicationContext: initialization completed in 1268 ms
2024-08-05T18:35:15.181-03:00  WARN 22508 --- [msavaliadorcredito] [restartedMain] o.s.b.d.a.OptionalLiveReloadServer       : Unable to start LiveReload server
2024-08-05T18:35:15.242-03:00  INFO 22508 --- [msavaliadorcredito] [restartedMain] o.s.c.openfeign.FeignClientFactoryBean   : For 'msclientes' URL not provided. Will try picking an instance via load-balancing.
2024-08-05T18:35:15.293-03:00  INFO 22508 --- [msavaliadorcredito] [restartedMain] o.s.c.openfeign.FeignClientFactoryBean   : For 'mscartoes' URL not provided. Will try picking an instance via load-balancing.
2024-08-05T18:35:15.889-03:00  INFO 22508 --- [msavaliadorcredito] [restartedMain] DiscoveryClientOptionalArgsConfiguration : Eureka HTTP Client uses RestTemplate.
2024-08-05T18:35:15.913-03:00  WARN 22508 --- [msavaliadorcredito] [restartedMain] iguration$LoadBalancerCaffeineWarnLogger : Spring Cloud LoadBalancer is currently working with the default cache. While this cache implementation is useful for development and tests, it's recommended to use Caffeine cache in production.You can switch to using Caffeine cache, by adding it and org.springframework.cache.caffeine.CaffeineCacheManager to the classpath.
2024-08-05T18:35:15.945-03:00  INFO 22508 --- [msavaliadorcredito] [restartedMain] o.s.b.w.embedded.tomcat.TomcatWebServer  : Tomcat started on port 52257 (http) with context path '/'
2024-08-05T18:35:15.946-03:00  INFO 22508 --- [msavaliadorcredito] [restartedMain] .s.c.n.e.s.EurekaAutoServiceRegistration : Updating port to 52257
2024-08-05T18:35:15.949-03:00  INFO 22508 --- [msavaliadorcredito] [restartedMain] o.s.c.n.eureka.InstanceInfoFactory       : Setting initial instance status as: STARTING
2024-08-05T18:35:15.968-03:00  INFO 22508 --- [msavaliadorcredito] [restartedMain] com.netflix.discovery.DiscoveryClient    : Initializing Eureka in region us-east-1
2024-08-05T18:35:15.972-03:00  INFO 22508 --- [msavaliadorcredito] [restartedMain] c.n.d.s.r.aws.ConfigClusterResolver      : Resolving eureka endpoints via configuration
2024-08-05T18:35:15.980-03:00  INFO 22508 --- [msavaliadorcredito] [restartedMain] com.netflix.discovery.DiscoveryClient    : Disable delta property : false
2024-08-05T18:35:15.980-03:00  INFO 22508 --- [msavaliadorcredito] [restartedMain] com.netflix.discovery.DiscoveryClient    : Single vip registry refresh property : null
2024-08-05T18:35:15.980-03:00  INFO 22508 --- [msavaliadorcredito] [restartedMain] com.netflix.discovery.DiscoveryClient    : Force full registry fetch : false
2024-08-05T18:35:15.980-03:00  INFO 22508 --- [msavaliadorcredito] [restartedMain] com.netflix.discovery.DiscoveryClient    : Application is null : false
2024-08-05T18:35:15.980-03:00  INFO 22508 --- [msavaliadorcredito] [restartedMain] com.netflix.discovery.DiscoveryClient    : Registered Applications size is zero : true
2024-08-05T18:35:15.980-03:00  INFO 22508 --- [msavaliadorcredito] [restartedMain] com.netflix.discovery.DiscoveryClient    : Application version is -1: true
2024-08-05T18:35:15.980-03:00  INFO 22508 --- [msavaliadorcredito] [restartedMain] com.netflix.discovery.DiscoveryClient    : Getting all instance registry info from the eureka server
2024-08-05T18:35:16.275-03:00  INFO 22508 --- [msavaliadorcredito] [restartedMain] com.netflix.discovery.DiscoveryClient    : The response status is 200
2024-08-05T18:35:16.277-03:00  INFO 22508 --- [msavaliadorcredito] [restartedMain] com.netflix.discovery.DiscoveryClient    : Starting heartbeat executor: renew interval is: 30
2024-08-05T18:35:16.278-03:00  INFO 22508 --- [msavaliadorcredito] [restartedMain] c.n.discovery.InstanceInfoReplicator     : InstanceInfoReplicator onDemand update allowed rate per min is 4
2024-08-05T18:35:16.280-03:00  INFO 22508 --- [msavaliadorcredito] [restartedMain] com.netflix.discovery.DiscoveryClient    : Discovery Client initialized at timestamp 1722893716279 with initial instances count: 4
2024-08-05T18:35:16.282-03:00  INFO 22508 --- [msavaliadorcredito] [restartedMain] o.s.c.n.e.s.EurekaServiceRegistry        : Registering application MSAVALIADORCREDITO with eureka with status UP
2024-08-05T18:35:16.283-03:00  INFO 22508 --- [msavaliadorcredito] [restartedMain] com.netflix.discovery.DiscoveryClient    : Saw local status change event StatusChangeEvent [timestamp=1722893716283, current=UP, previous=STARTING]
2024-08-05T18:35:16.284-03:00  INFO 22508 --- [msavaliadorcredito] [DiscoveryClient-InstanceInfoReplicator-%d] com.netflix.discovery.DiscoveryClient    : DiscoveryClient_MSAVALIADORCREDITO/msavaliadorcredito:5f6f0d006f6969c1976c964f854464fb: registering service...
2024-08-05T18:35:16.292-03:00  INFO 22508 --- [msavaliadorcredito] [restartedMain] c.s.k.m.MsavaliadorcreditoApplication    : Started MsavaliadorcreditoApplication in 3.123 seconds (process running for 3.679)
2024-08-05T18:35:16.369-03:00  INFO 22508 --- [msavaliadorcredito] [DiscoveryClient-InstanceInfoReplicator-%d] com.netflix.discovery.DiscoveryClient    : DiscoveryClient_MSAVALIADORCREDITO/msavaliadorcredito:5f6f0d006f6969c1976c964f854464fb - registration status: 204
2024-08-05T18:37:49.126-03:00  INFO 22508 --- [msavaliadorcredito] [http-nio-auto-1-exec-1] o.a.c.c.C.[Tomcat].[localhost].[/]       : Initializing Spring DispatcherServlet 'dispatcherServlet'
2024-08-05T18:37:49.126-03:00  INFO 22508 --- [msavaliadorcredito] [http-nio-auto-1-exec-1] o.s.web.servlet.DispatcherServlet        : Initializing Servlet 'dispatcherServlet'
2024-08-05T18:37:49.127-03:00  INFO 22508 --- [msavaliadorcredito] [http-nio-auto-1-exec-1] o.s.web.servlet.DispatcherServlet        : Completed initialization in 1 ms
2024-08-05T18:37:59.547-03:00  INFO 22508 --- [msavaliadorcredito] [http-nio-auto-1-exec-1] o.springdoc.api.AbstractOpenApiResource  : Init duration for springdoc-openapi is: 152 ms
2024-08-05T18:39:39.939-03:00  INFO 22508 --- [msavaliadorcredito] [SpringApplicationShutdownHook] o.s.c.n.e.s.EurekaServiceRegistry        : Unregistering application MSAVALIADORCREDITO with eureka with status DOWN
2024-08-05T18:39:39.939-03:00  INFO 22508 --- [msavaliadorcredito] [SpringApplicationShutdownHook] com.netflix.discovery.DiscoveryClient    : Saw local status change event StatusChangeEvent [timestamp=1722893979939, current=DOWN, previous=UP]
2024-08-05T18:39:39.940-03:00  INFO 22508 --- [msavaliadorcredito] [DiscoveryClient-InstanceInfoReplicator-%d] com.netflix.discovery.DiscoveryClient    : DiscoveryClient_MSAVALIADORCREDITO/msavaliadorcredito:5f6f0d006f6969c1976c964f854464fb: registering service...
2024-08-05T18:39:39.950-03:00  INFO 22508 --- [msavaliadorcredito] [SpringApplicationShutdownHook] com.netflix.discovery.DiscoveryClient    : Shutting down DiscoveryClient ...
2024-08-05T18:39:40.012-03:00  INFO 22508 --- [msavaliadorcredito] [DiscoveryClient-InstanceInfoReplicator-%d] com.netflix.discovery.DiscoveryClient    : DiscoveryClient_MSAVALIADORCREDITO/msavaliadorcredito:5f6f0d006f6969c1976c964f854464fb - registration status: 204
2024-08-05T18:39:40.013-03:00  INFO 22508 --- [msavaliadorcredito] [SpringApplicationShutdownHook] com.netflix.discovery.DiscoveryClient    : Unregistering ...
2024-08-05T18:39:40.073-03:00  INFO 22508 --- [msavaliadorcredito] [SpringApplicationShutdownHook] com.netflix.discovery.DiscoveryClient    : DiscoveryClient_MSAVALIADORCREDITO/msavaliadorcredito:5f6f0d006f6969c1976c964f854464fb - deregister  status: 200
2024-08-05T18:39:40.073-03:00  INFO 22508 --- [msavaliadorcredito] [SpringApplicationShutdownHook] com.netflix.discovery.DiscoveryClient    : Completed shut down of DiscoveryClient
2024-08-05T18:39:43.997-03:00  INFO 20228 --- [msavaliadorcredito] [restartedMain] c.s.k.m.MsavaliadorcreditoApplication    : Starting MsavaliadorcreditoApplication using Java 21.0.2 with PID 20228 (C:\Users\mathe\OneDrive\Documentos\Projects\UDEMY\MENSAGERIA-KEYCLOAK-SPRINGCLOUD\msavaliadorcredito\target\classes started by mathe in C:\Users\mathe\OneDrive\Documentos\Projects\UDEMY\MENSAGERIA-KEYCLOAK-SPRINGCLOUD\msavaliadorcredito)
2024-08-05T18:39:43.999-03:00  INFO 20228 --- [msavaliadorcredito] [restartedMain] c.s.k.m.MsavaliadorcreditoApplication    : No active profile set, falling back to 1 default profile: "default"
2024-08-05T18:39:44.074-03:00  INFO 20228 --- [msavaliadorcredito] [restartedMain] .e.DevToolsPropertyDefaultsPostProcessor : Devtools property defaults active! Set 'spring.devtools.add-properties' to 'false' to disable
2024-08-05T18:39:44.074-03:00  INFO 20228 --- [msavaliadorcredito] [restartedMain] .e.DevToolsPropertyDefaultsPostProcessor : For additional web related logging consider setting the 'logging.level.web' property to 'DEBUG'
2024-08-05T18:39:45.206-03:00  INFO 20228 --- [msavaliadorcredito] [restartedMain] o.s.cloud.context.scope.GenericScope     : BeanFactory id=90de608b-c0ce-364e-91db-b77c27d940b9
2024-08-05T18:39:45.247-03:00  WARN 20228 --- [msavaliadorcredito] [restartedMain] trationDelegate$BeanPostProcessorChecker : Bean 'org.springframework.cloud.client.loadbalancer.LoadBalancerAutoConfiguration$DeferringLoadBalancerInterceptorConfig' of type [org.springframework.cloud.client.loadbalancer.LoadBalancerAutoConfiguration$DeferringLoadBalancerInterceptorConfig] is not eligible for getting processed by all BeanPostProcessors (for example: not eligible for auto-proxying). The currently created BeanPostProcessor [lbRestClientPostProcessor] is declared through a non-static factory method on that class; consider declaring it as static instead.
2024-08-05T18:39:45.250-03:00  WARN 20228 --- [msavaliadorcredito] [restartedMain] trationDelegate$BeanPostProcessorChecker : Bean 'deferringLoadBalancerInterceptor' of type [org.springframework.cloud.client.loadbalancer.DeferringLoadBalancerInterceptor] is not eligible for getting processed by all BeanPostProcessors (for example: not eligible for auto-proxying). Is this bean getting eagerly injected into a currently created BeanPostProcessor [lbRestClientPostProcessor]? Check the corresponding BeanPostProcessor declaration and its dependencies.
2024-08-05T18:39:45.561-03:00  INFO 20228 --- [msavaliadorcredito] [restartedMain] o.s.b.w.embedded.tomcat.TomcatWebServer  : Tomcat initialized with port 0 (http)
2024-08-05T18:39:45.570-03:00  INFO 20228 --- [msavaliadorcredito] [restartedMain] o.apache.catalina.core.StandardService   : Starting service [Tomcat]
2024-08-05T18:39:45.571-03:00  INFO 20228 --- [msavaliadorcredito] [restartedMain] o.apache.catalina.core.StandardEngine    : Starting Servlet engine: [Apache Tomcat/10.1.26]
2024-08-05T18:39:45.616-03:00  INFO 20228 --- [msavaliadorcredito] [restartedMain] o.a.c.c.C.[Tomcat].[localhost].[/]       : Initializing Spring embedded WebApplicationContext
2024-08-05T18:39:45.617-03:00  INFO 20228 --- [msavaliadorcredito] [restartedMain] w.s.c.ServletWebServerApplicationContext : Root WebApplicationContext: initialization completed in 1542 ms
2024-08-05T18:39:45.834-03:00  WARN 20228 --- [msavaliadorcredito] [restartedMain] o.s.b.d.a.OptionalLiveReloadServer       : Unable to start LiveReload server
2024-08-05T18:39:45.896-03:00  INFO 20228 --- [msavaliadorcredito] [restartedMain] o.s.c.openfeign.FeignClientFactoryBean   : For 'msclientes' URL not provided. Will try picking an instance via load-balancing.
2024-08-05T18:39:45.949-03:00  INFO 20228 --- [msavaliadorcredito] [restartedMain] o.s.c.openfeign.FeignClientFactoryBean   : For 'mscartoes' URL not provided. Will try picking an instance via load-balancing.
2024-08-05T18:39:46.699-03:00  INFO 20228 --- [msavaliadorcredito] [restartedMain] DiscoveryClientOptionalArgsConfiguration : Eureka HTTP Client uses RestTemplate.
2024-08-05T18:39:46.728-03:00  WARN 20228 --- [msavaliadorcredito] [restartedMain] iguration$LoadBalancerCaffeineWarnLogger : Spring Cloud LoadBalancer is currently working with the default cache. While this cache implementation is useful for development and tests, it's recommended to use Caffeine cache in production.You can switch to using Caffeine cache, by adding it and org.springframework.cache.caffeine.CaffeineCacheManager to the classpath.
2024-08-05T18:39:46.763-03:00  INFO 20228 --- [msavaliadorcredito] [restartedMain] o.s.b.w.embedded.tomcat.TomcatWebServer  : Tomcat started on port 52335 (http) with context path '/'
2024-08-05T18:39:46.764-03:00  INFO 20228 --- [msavaliadorcredito] [restartedMain] .s.c.n.e.s.EurekaAutoServiceRegistration : Updating port to 52335
2024-08-05T18:39:46.769-03:00  INFO 20228 --- [msavaliadorcredito] [restartedMain] o.s.c.n.eureka.InstanceInfoFactory       : Setting initial instance status as: STARTING
2024-08-05T18:39:46.789-03:00  INFO 20228 --- [msavaliadorcredito] [restartedMain] com.netflix.discovery.DiscoveryClient    : Initializing Eureka in region us-east-1
2024-08-05T18:39:46.794-03:00  INFO 20228 --- [msavaliadorcredito] [restartedMain] c.n.d.s.r.aws.ConfigClusterResolver      : Resolving eureka endpoints via configuration
2024-08-05T18:39:46.801-03:00  INFO 20228 --- [msavaliadorcredito] [restartedMain] com.netflix.discovery.DiscoveryClient    : Disable delta property : false
2024-08-05T18:39:46.801-03:00  INFO 20228 --- [msavaliadorcredito] [restartedMain] com.netflix.discovery.DiscoveryClient    : Single vip registry refresh property : null
2024-08-05T18:39:46.801-03:00  INFO 20228 --- [msavaliadorcredito] [restartedMain] com.netflix.discovery.DiscoveryClient    : Force full registry fetch : false
2024-08-05T18:39:46.801-03:00  INFO 20228 --- [msavaliadorcredito] [restartedMain] com.netflix.discovery.DiscoveryClient    : Application is null : false
2024-08-05T18:39:46.801-03:00  INFO 20228 --- [msavaliadorcredito] [restartedMain] com.netflix.discovery.DiscoveryClient    : Registered Applications size is zero : true
2024-08-05T18:39:46.801-03:00  INFO 20228 --- [msavaliadorcredito] [restartedMain] com.netflix.discovery.DiscoveryClient    : Application version is -1: true
2024-08-05T18:39:46.801-03:00  INFO 20228 --- [msavaliadorcredito] [restartedMain] com.netflix.discovery.DiscoveryClient    : Getting all instance registry info from the eureka server
2024-08-05T18:39:47.094-03:00  INFO 20228 --- [msavaliadorcredito] [restartedMain] com.netflix.discovery.DiscoveryClient    : The response status is 200
2024-08-05T18:39:47.095-03:00  INFO 20228 --- [msavaliadorcredito] [restartedMain] com.netflix.discovery.DiscoveryClient    : Starting heartbeat executor: renew interval is: 30
2024-08-05T18:39:47.097-03:00  INFO 20228 --- [msavaliadorcredito] [restartedMain] c.n.discovery.InstanceInfoReplicator     : InstanceInfoReplicator onDemand update allowed rate per min is 4
2024-08-05T18:39:47.098-03:00  INFO 20228 --- [msavaliadorcredito] [restartedMain] com.netflix.discovery.DiscoveryClient    : Discovery Client initialized at timestamp 1722893987098 with initial instances count: 4
2024-08-05T18:39:47.101-03:00  INFO 20228 --- [msavaliadorcredito] [restartedMain] o.s.c.n.e.s.EurekaServiceRegistry        : Registering application MSAVALIADORCREDITO with eureka with status UP
2024-08-05T18:39:47.101-03:00  INFO 20228 --- [msavaliadorcredito] [restartedMain] com.netflix.discovery.DiscoveryClient    : Saw local status change event StatusChangeEvent [timestamp=1722893987101, current=UP, previous=STARTING]
2024-08-05T18:39:47.102-03:00  INFO 20228 --- [msavaliadorcredito] [DiscoveryClient-InstanceInfoReplicator-%d] com.netflix.discovery.DiscoveryClient    : DiscoveryClient_MSAVALIADORCREDITO/msavaliadorcredito:9745b8b1e1b6a95878720171cd6e6995: registering service...
2024-08-05T18:39:47.111-03:00  INFO 20228 --- [msavaliadorcredito] [restartedMain] c.s.k.m.MsavaliadorcreditoApplication    : Started MsavaliadorcreditoApplication in 3.569 seconds (process running for 4.264)
2024-08-05T18:39:47.192-03:00  INFO 20228 --- [msavaliadorcredito] [DiscoveryClient-InstanceInfoReplicator-%d] com.netflix.discovery.DiscoveryClient    : DiscoveryClient_MSAVALIADORCREDITO/msavaliadorcredito:9745b8b1e1b6a95878720171cd6e6995 - registration status: 204
2024-08-05T18:40:40.626-03:00  INFO 20228 --- [msavaliadorcredito] [http-nio-auto-1-exec-1] o.a.c.c.C.[Tomcat].[localhost].[/]       : Initializing Spring DispatcherServlet 'dispatcherServlet'
2024-08-05T18:40:40.626-03:00  INFO 20228 --- [msavaliadorcredito] [http-nio-auto-1-exec-1] o.s.web.servlet.DispatcherServlet        : Initializing Servlet 'dispatcherServlet'
2024-08-05T18:40:40.627-03:00  INFO 20228 --- [msavaliadorcredito] [http-nio-auto-1-exec-1] o.s.web.servlet.DispatcherServlet        : Completed initialization in 1 ms
2024-08-05T18:40:46.786-03:00  INFO 20228 --- [msavaliadorcredito] [http-nio-auto-1-exec-10] o.springdoc.api.AbstractOpenApiResource  : Init duration for springdoc-openapi is: 132 ms
